{"/Users/simondrevensek/Documents/Šola/RIRS/Git aplikacija/frontend/src/App.js": {"path":"/Users/simondrevensek/Documents/Šola/RIRS/Git aplikacija/frontend/src/App.js","statementMap":{"0":{"start":{"line":23,"column":2},"end":{"line":46,"column":4}}},"fnMap":{"0":{"name":"App","decl":{"start":{"line":22,"column":9},"end":{"line":22,"column":12}},"loc":{"start":{"line":22,"column":15},"end":{"line":47,"column":1}},"line":22}},"branchMap":{},"s":{"0":0},"f":{"0":0},"b":{}}
,"/Users/simondrevensek/Documents/Šola/RIRS/Git aplikacija/frontend/src/index.js": {"path":"/Users/simondrevensek/Documents/Šola/RIRS/Git aplikacija/frontend/src/index.js","statementMap":{"0":{"start":{"line":5,"column":13},"end":{"line":5,"column":65}},"1":{"start":{"line":6,"column":0},"end":{"line":10,"column":2}}},"fnMap":{},"branchMap":{},"s":{"0":0,"1":0},"f":{},"b":{}}
,"/Users/simondrevensek/Documents/Šola/RIRS/Git aplikacija/frontend/src/api/axios.js": {"path":"/Users/simondrevensek/Documents/Šola/RIRS/Git aplikacija/frontend/src/api/axios.js","statementMap":{"0":{"start":{"line":3,"column":16},"end":{"line":3,"column":76}},"1":{"start":{"line":5,"column":12},"end":{"line":10,"column":2}},"2":{"start":{"line":13,"column":0},"end":{"line":19,"column":3}},"3":{"start":{"line":14,"column":16},"end":{"line":14,"column":45}},"4":{"start":{"line":15,"column":2},"end":{"line":17,"column":3}},"5":{"start":{"line":16,"column":4},"end":{"line":16,"column":53}},"6":{"start":{"line":18,"column":2},"end":{"line":18,"column":16}}},"fnMap":{"0":{"name":"(anonymous_0)","decl":{"start":{"line":13,"column":29},"end":{"line":13,"column":30}},"loc":{"start":{"line":13,"column":41},"end":{"line":19,"column":1}},"line":13}},"branchMap":{"0":{"loc":{"start":{"line":3,"column":16},"end":{"line":3,"column":76}},"type":"binary-expr","locations":[{"start":{"line":3,"column":16},"end":{"line":3,"column":45}},{"start":{"line":3,"column":49},"end":{"line":3,"column":76}}],"line":3},"1":{"loc":{"start":{"line":15,"column":2},"end":{"line":17,"column":3}},"type":"if","locations":[{"start":{"line":15,"column":2},"end":{"line":17,"column":3}},{"start":{},"end":{}}],"line":15}},"s":{"0":0,"1":0,"2":0,"3":0,"4":0,"5":0,"6":0},"f":{"0":0},"b":{"0":[0,0],"1":[0,0]}}
,"/Users/simondrevensek/Documents/Šola/RIRS/Git aplikacija/frontend/src/components/Footer.js": {"path":"/Users/simondrevensek/Documents/Šola/RIRS/Git aplikacija/frontend/src/components/Footer.js","statementMap":{"0":{"start":{"line":5,"column":2},"end":{"line":39,"column":4}}},"fnMap":{"0":{"name":"Footer","decl":{"start":{"line":4,"column":9},"end":{"line":4,"column":15}},"loc":{"start":{"line":4,"column":18},"end":{"line":40,"column":1}},"line":4}},"branchMap":{},"s":{"0":0},"f":{"0":0},"b":{}}
,"/Users/simondrevensek/Documents/Šola/RIRS/Git aplikacija/frontend/src/components/Header.js": {"path":"/Users/simondrevensek/Documents/Šola/RIRS/Git aplikacija/frontend/src/components/Header.js","statementMap":{"0":{"start":{"line":8,"column":27},"end":{"line":8,"column":36}},"1":{"start":{"line":9,"column":24},"end":{"line":9,"column":33}},"2":{"start":{"line":10,"column":34},"end":{"line":10,"column":49}},"3":{"start":{"line":12,"column":2},"end":{"line":78,"column":4}},"4":{"start":{"line":53,"column":57},"end":{"line":53,"column":79}},"5":{"start":{"line":62,"column":71},"end":{"line":62,"column":89}},"6":{"start":{"line":63,"column":79},"end":{"line":63,"column":97}},"7":{"start":{"line":66,"column":81},"end":{"line":66,"column":99}},"8":{"start":{"line":67,"column":41},"end":{"line":67,"column":50}},"9":{"start":{"line":67,"column":51},"end":{"line":67,"column":70}},"10":{"start":{"line":72,"column":78},"end":{"line":72,"column":96}}},"fnMap":{"0":{"name":"Header","decl":{"start":{"line":7,"column":9},"end":{"line":7,"column":15}},"loc":{"start":{"line":7,"column":18},"end":{"line":79,"column":1}},"line":7},"1":{"name":"(anonymous_1)","decl":{"start":{"line":53,"column":51},"end":{"line":53,"column":52}},"loc":{"start":{"line":53,"column":57},"end":{"line":53,"column":79}},"line":53},"2":{"name":"(anonymous_2)","decl":{"start":{"line":62,"column":65},"end":{"line":62,"column":66}},"loc":{"start":{"line":62,"column":71},"end":{"line":62,"column":89}},"line":62},"3":{"name":"(anonymous_3)","decl":{"start":{"line":63,"column":73},"end":{"line":63,"column":74}},"loc":{"start":{"line":63,"column":79},"end":{"line":63,"column":97}},"line":63},"4":{"name":"(anonymous_4)","decl":{"start":{"line":66,"column":75},"end":{"line":66,"column":76}},"loc":{"start":{"line":66,"column":81},"end":{"line":66,"column":99}},"line":66},"5":{"name":"(anonymous_5)","decl":{"start":{"line":67,"column":33},"end":{"line":67,"column":34}},"loc":{"start":{"line":67,"column":39},"end":{"line":67,"column":72}},"line":67},"6":{"name":"(anonymous_6)","decl":{"start":{"line":72,"column":72},"end":{"line":72,"column":73}},"loc":{"start":{"line":72,"column":78},"end":{"line":72,"column":96}},"line":72}},"branchMap":{"0":{"loc":{"start":{"line":24,"column":13},"end":{"line":26,"column":13}},"type":"binary-expr","locations":[{"start":{"line":24,"column":13},"end":{"line":24,"column":17}},{"start":{"line":25,"column":14},"end":{"line":25,"column":90}}],"line":24},"1":{"loc":{"start":{"line":32,"column":15},"end":{"line":36,"column":15}},"type":"binary-expr","locations":[{"start":{"line":32,"column":15},"end":{"line":32,"column":28}},{"start":{"line":33,"column":16},"end":{"line":35,"column":23}}],"line":32},"2":{"loc":{"start":{"line":39,"column":13},"end":{"line":51,"column":13}},"type":"cond-expr","locations":[{"start":{"line":40,"column":14},"end":{"line":45,"column":20}},{"start":{"line":47,"column":14},"end":{"line":50,"column":21}}],"line":39},"3":{"loc":{"start":{"line":60,"column":9},"end":{"line":75,"column":9}},"type":"binary-expr","locations":[{"start":{"line":60,"column":9},"end":{"line":60,"column":17}},{"start":{"line":61,"column":10},"end":{"line":74,"column":16}}],"line":60},"4":{"loc":{"start":{"line":64,"column":13},"end":{"line":73,"column":13}},"type":"cond-expr","locations":[{"start":{"line":65,"column":14},"end":{"line":70,"column":17}},{"start":{"line":72,"column":14},"end":{"line":72,"column":112}}],"line":64}},"s":{"0":0,"1":0,"2":0,"3":0,"4":0,"5":0,"6":0,"7":0,"8":0,"9":0,"10":0},"f":{"0":0,"1":0,"2":0,"3":0,"4":0,"5":0,"6":0},"b":{"0":[0,0],"1":[0,0],"2":[0,0],"3":[0,0],"4":[0,0]}}
,"/Users/simondrevensek/Documents/Šola/RIRS/Git aplikacija/frontend/src/components/ProductCard.js": {"path":"/Users/simondrevensek/Documents/Šola/RIRS/Git aplikacija/frontend/src/components/ProductCard.js","statementMap":{"0":{"start":{"line":5,"column":2},"end":{"line":22,"column":4}}},"fnMap":{"0":{"name":"ProductCard","decl":{"start":{"line":4,"column":9},"end":{"line":4,"column":20}},"loc":{"start":{"line":4,"column":34},"end":{"line":23,"column":1}},"line":4}},"branchMap":{},"s":{"0":0},"f":{"0":0},"b":{}}
,"/Users/simondrevensek/Documents/Šola/RIRS/Git aplikacija/frontend/src/context/AuthContext.js": {"path":"/Users/simondrevensek/Documents/Šola/RIRS/Git aplikacija/frontend/src/context/AuthContext.js","statementMap":{"0":{"start":{"line":4,"column":20},"end":{"line":4,"column":39}},"1":{"start":{"line":7,"column":26},"end":{"line":7,"column":40}},"2":{"start":{"line":8,"column":28},"end":{"line":8,"column":67}},"3":{"start":{"line":9,"column":32},"end":{"line":9,"column":46}},"4":{"start":{"line":11,"column":2},"end":{"line":23,"column":14}},"5":{"start":{"line":12,"column":4},"end":{"line":22,"column":5}},"6":{"start":{"line":13,"column":6},"end":{"line":19,"column":42}},"7":{"start":{"line":14,"column":21},"end":{"line":14,"column":38}},"8":{"start":{"line":16,"column":10},"end":{"line":16,"column":43}},"9":{"start":{"line":17,"column":10},"end":{"line":17,"column":25}},"10":{"start":{"line":19,"column":23},"end":{"line":19,"column":40}},"11":{"start":{"line":21,"column":6},"end":{"line":21,"column":24}},"12":{"start":{"line":25,"column":16},"end":{"line":31,"column":3}},"13":{"start":{"line":26,"column":16},"end":{"line":26,"column":66}},"14":{"start":{"line":27,"column":4},"end":{"line":27,"column":50}},"15":{"start":{"line":28,"column":4},"end":{"line":28,"column":29}},"16":{"start":{"line":29,"column":4},"end":{"line":29,"column":27}},"17":{"start":{"line":30,"column":4},"end":{"line":30,"column":20}},"18":{"start":{"line":33,"column":19},"end":{"line":39,"column":3}},"19":{"start":{"line":34,"column":16},"end":{"line":34,"column":90}},"20":{"start":{"line":35,"column":4},"end":{"line":35,"column":50}},"21":{"start":{"line":36,"column":4},"end":{"line":36,"column":29}},"22":{"start":{"line":37,"column":4},"end":{"line":37,"column":27}},"23":{"start":{"line":38,"column":4},"end":{"line":38,"column":20}},"24":{"start":{"line":41,"column":17},"end":{"line":45,"column":3}},"25":{"start":{"line":42,"column":4},"end":{"line":42,"column":37}},"26":{"start":{"line":43,"column":4},"end":{"line":43,"column":19}},"27":{"start":{"line":44,"column":4},"end":{"line":44,"column":18}},"28":{"start":{"line":47,"column":2},"end":{"line":51,"column":4}},"29":{"start":{"line":54,"column":23},"end":{"line":54,"column":52}},"30":{"start":{"line":54,"column":29},"end":{"line":54,"column":52}}},"fnMap":{"0":{"name":"AuthProvider","decl":{"start":{"line":6,"column":16},"end":{"line":6,"column":28}},"loc":{"start":{"line":6,"column":43},"end":{"line":52,"column":1}},"line":6},"1":{"name":"(anonymous_1)","decl":{"start":{"line":11,"column":12},"end":{"line":11,"column":13}},"loc":{"start":{"line":11,"column":18},"end":{"line":23,"column":3}},"line":11},"2":{"name":"(anonymous_2)","decl":{"start":{"line":14,"column":14},"end":{"line":14,"column":15}},"loc":{"start":{"line":14,"column":21},"end":{"line":14,"column":38}},"line":14},"3":{"name":"(anonymous_3)","decl":{"start":{"line":15,"column":15},"end":{"line":15,"column":16}},"loc":{"start":{"line":15,"column":21},"end":{"line":18,"column":9}},"line":15},"4":{"name":"(anonymous_4)","decl":{"start":{"line":19,"column":17},"end":{"line":19,"column":18}},"loc":{"start":{"line":19,"column":23},"end":{"line":19,"column":40}},"line":19},"5":{"name":"(anonymous_5)","decl":{"start":{"line":25,"column":16},"end":{"line":25,"column":17}},"loc":{"start":{"line":25,"column":43},"end":{"line":31,"column":3}},"line":25},"6":{"name":"(anonymous_6)","decl":{"start":{"line":33,"column":19},"end":{"line":33,"column":20}},"loc":{"start":{"line":33,"column":67},"end":{"line":39,"column":3}},"line":33},"7":{"name":"(anonymous_7)","decl":{"start":{"line":41,"column":17},"end":{"line":41,"column":18}},"loc":{"start":{"line":41,"column":23},"end":{"line":45,"column":3}},"line":41},"8":{"name":"(anonymous_8)","decl":{"start":{"line":54,"column":23},"end":{"line":54,"column":24}},"loc":{"start":{"line":54,"column":29},"end":{"line":54,"column":52}},"line":54}},"branchMap":{"0":{"loc":{"start":{"line":12,"column":4},"end":{"line":22,"column":5}},"type":"if","locations":[{"start":{"line":12,"column":4},"end":{"line":22,"column":5}},{"start":{"line":20,"column":11},"end":{"line":22,"column":5}}],"line":12}},"s":{"0":0,"1":0,"2":0,"3":0,"4":0,"5":0,"6":0,"7":0,"8":0,"9":0,"10":0,"11":0,"12":0,"13":0,"14":0,"15":0,"16":0,"17":0,"18":0,"19":0,"20":0,"21":0,"22":0,"23":0,"24":0,"25":0,"26":0,"27":0,"28":0,"29":0,"30":0},"f":{"0":0,"1":0,"2":0,"3":0,"4":0,"5":0,"6":0,"7":0,"8":0},"b":{"0":[0,0]}}
,"/Users/simondrevensek/Documents/Šola/RIRS/Git aplikacija/frontend/src/context/CartContext.js": {"path":"/Users/simondrevensek/Documents/Šola/RIRS/Git aplikacija/frontend/src/context/CartContext.js","statementMap":{"0":{"start":{"line":3,"column":20},"end":{"line":3,"column":39}},"1":{"start":{"line":6,"column":28},"end":{"line":9,"column":4}},"2":{"start":{"line":7,"column":18},"end":{"line":7,"column":46}},"3":{"start":{"line":8,"column":4},"end":{"line":8,"column":42}},"4":{"start":{"line":11,"column":2},"end":{"line":13,"column":14}},"5":{"start":{"line":12,"column":4},"end":{"line":12,"column":56}},"6":{"start":{"line":15,"column":18},"end":{"line":34,"column":3}},"7":{"start":{"line":16,"column":4},"end":{"line":33,"column":7}},"8":{"start":{"line":17,"column":23},"end":{"line":17,"column":84}},"9":{"start":{"line":17,"column":38},"end":{"line":17,"column":83}},"10":{"start":{"line":18,"column":6},"end":{"line":24,"column":7}},"11":{"start":{"line":19,"column":8},"end":{"line":23,"column":10}},"12":{"start":{"line":20,"column":10},"end":{"line":22,"column":15}},"13":{"start":{"line":25,"column":6},"end":{"line":32,"column":9}},"14":{"start":{"line":36,"column":21},"end":{"line":38,"column":3}},"15":{"start":{"line":37,"column":4},"end":{"line":37,"column":88}},"16":{"start":{"line":37,"column":21},"end":{"line":37,"column":86}},"17":{"start":{"line":37,"column":38},"end":{"line":37,"column":85}},"18":{"start":{"line":40,"column":25},"end":{"line":52,"column":3}},"19":{"start":{"line":41,"column":4},"end":{"line":44,"column":5}},"20":{"start":{"line":42,"column":6},"end":{"line":42,"column":34}},"21":{"start":{"line":43,"column":6},"end":{"line":43,"column":13}},"22":{"start":{"line":45,"column":4},"end":{"line":51,"column":6}},"23":{"start":{"line":46,"column":6},"end":{"line":50,"column":7}},"24":{"start":{"line":47,"column":8},"end":{"line":49,"column":13}},"25":{"start":{"line":54,"column":20},"end":{"line":54,"column":38}},"26":{"start":{"line":54,"column":26},"end":{"line":54,"column":38}},"27":{"start":{"line":56,"column":16},"end":{"line":56,"column":71}},"28":{"start":{"line":56,"column":41},"end":{"line":56,"column":67}},"29":{"start":{"line":57,"column":20},"end":{"line":57,"column":65}},"30":{"start":{"line":57,"column":45},"end":{"line":57,"column":61}},"31":{"start":{"line":59,"column":2},"end":{"line":63,"column":4}},"32":{"start":{"line":66,"column":23},"end":{"line":66,"column":52}},"33":{"start":{"line":66,"column":29},"end":{"line":66,"column":52}}},"fnMap":{"0":{"name":"CartProvider","decl":{"start":{"line":5,"column":16},"end":{"line":5,"column":28}},"loc":{"start":{"line":5,"column":43},"end":{"line":64,"column":1}},"line":5},"1":{"name":"(anonymous_1)","decl":{"start":{"line":6,"column":37},"end":{"line":6,"column":38}},"loc":{"start":{"line":6,"column":43},"end":{"line":9,"column":3}},"line":6},"2":{"name":"(anonymous_2)","decl":{"start":{"line":11,"column":12},"end":{"line":11,"column":13}},"loc":{"start":{"line":11,"column":18},"end":{"line":13,"column":3}},"line":11},"3":{"name":"(anonymous_3)","decl":{"start":{"line":15,"column":18},"end":{"line":15,"column":19}},"loc":{"start":{"line":15,"column":51},"end":{"line":34,"column":3}},"line":15},"4":{"name":"(anonymous_4)","decl":{"start":{"line":16,"column":13},"end":{"line":16,"column":14}},"loc":{"start":{"line":16,"column":21},"end":{"line":33,"column":5}},"line":16},"5":{"name":"(anonymous_5)","decl":{"start":{"line":17,"column":33},"end":{"line":17,"column":34}},"loc":{"start":{"line":17,"column":38},"end":{"line":17,"column":83}},"line":17},"6":{"name":"(anonymous_6)","decl":{"start":{"line":19,"column":24},"end":{"line":19,"column":25}},"loc":{"start":{"line":20,"column":10},"end":{"line":22,"column":15}},"line":20},"7":{"name":"(anonymous_7)","decl":{"start":{"line":36,"column":21},"end":{"line":36,"column":22}},"loc":{"start":{"line":36,"column":42},"end":{"line":38,"column":3}},"line":36},"8":{"name":"(anonymous_8)","decl":{"start":{"line":37,"column":13},"end":{"line":37,"column":14}},"loc":{"start":{"line":37,"column":21},"end":{"line":37,"column":86}},"line":37},"9":{"name":"(anonymous_9)","decl":{"start":{"line":37,"column":33},"end":{"line":37,"column":34}},"loc":{"start":{"line":37,"column":38},"end":{"line":37,"column":85}},"line":37},"10":{"name":"(anonymous_10)","decl":{"start":{"line":40,"column":25},"end":{"line":40,"column":26}},"loc":{"start":{"line":40,"column":56},"end":{"line":52,"column":3}},"line":40},"11":{"name":"(anonymous_11)","decl":{"start":{"line":45,"column":13},"end":{"line":45,"column":14}},"loc":{"start":{"line":46,"column":6},"end":{"line":50,"column":7}},"line":46},"12":{"name":"(anonymous_12)","decl":{"start":{"line":46,"column":15},"end":{"line":46,"column":16}},"loc":{"start":{"line":47,"column":8},"end":{"line":49,"column":13}},"line":47},"13":{"name":"(anonymous_13)","decl":{"start":{"line":54,"column":20},"end":{"line":54,"column":21}},"loc":{"start":{"line":54,"column":26},"end":{"line":54,"column":38}},"line":54},"14":{"name":"(anonymous_14)","decl":{"start":{"line":56,"column":29},"end":{"line":56,"column":30}},"loc":{"start":{"line":56,"column":41},"end":{"line":56,"column":67}},"line":56},"15":{"name":"(anonymous_15)","decl":{"start":{"line":57,"column":33},"end":{"line":57,"column":34}},"loc":{"start":{"line":57,"column":45},"end":{"line":57,"column":61}},"line":57},"16":{"name":"(anonymous_16)","decl":{"start":{"line":66,"column":23},"end":{"line":66,"column":24}},"loc":{"start":{"line":66,"column":29},"end":{"line":66,"column":52}},"line":66}},"branchMap":{"0":{"loc":{"start":{"line":8,"column":11},"end":{"line":8,"column":41}},"type":"cond-expr","locations":[{"start":{"line":8,"column":19},"end":{"line":8,"column":36}},{"start":{"line":8,"column":39},"end":{"line":8,"column":41}}],"line":8},"1":{"loc":{"start":{"line":15,"column":34},"end":{"line":15,"column":46}},"type":"default-arg","locations":[{"start":{"line":15,"column":45},"end":{"line":15,"column":46}}],"line":15},"2":{"loc":{"start":{"line":17,"column":38},"end":{"line":17,"column":83}},"type":"binary-expr","locations":[{"start":{"line":17,"column":38},"end":{"line":17,"column":64}},{"start":{"line":17,"column":68},"end":{"line":17,"column":83}}],"line":17},"3":{"loc":{"start":{"line":18,"column":6},"end":{"line":24,"column":7}},"type":"if","locations":[{"start":{"line":18,"column":6},"end":{"line":24,"column":7}},{"start":{},"end":{}}],"line":18},"4":{"loc":{"start":{"line":20,"column":10},"end":{"line":22,"column":15}},"type":"cond-expr","locations":[{"start":{"line":21,"column":14},"end":{"line":21,"column":55}},{"start":{"line":22,"column":14},"end":{"line":22,"column":15}}],"line":20},"5":{"loc":{"start":{"line":20,"column":10},"end":{"line":20,"column":55}},"type":"binary-expr","locations":[{"start":{"line":20,"column":10},"end":{"line":20,"column":36}},{"start":{"line":20,"column":40},"end":{"line":20,"column":55}}],"line":20},"6":{"loc":{"start":{"line":37,"column":40},"end":{"line":37,"column":84}},"type":"binary-expr","locations":[{"start":{"line":37,"column":40},"end":{"line":37,"column":65}},{"start":{"line":37,"column":69},"end":{"line":37,"column":84}}],"line":37},"7":{"loc":{"start":{"line":41,"column":4},"end":{"line":44,"column":5}},"type":"if","locations":[{"start":{"line":41,"column":4},"end":{"line":44,"column":5}},{"start":{},"end":{}}],"line":41},"8":{"loc":{"start":{"line":47,"column":8},"end":{"line":49,"column":13}},"type":"cond-expr","locations":[{"start":{"line":48,"column":12},"end":{"line":48,"column":30}},{"start":{"line":49,"column":12},"end":{"line":49,"column":13}}],"line":47},"9":{"loc":{"start":{"line":47,"column":8},"end":{"line":47,"column":52}},"type":"binary-expr","locations":[{"start":{"line":47,"column":8},"end":{"line":47,"column":33}},{"start":{"line":47,"column":37},"end":{"line":47,"column":52}}],"line":47}},"s":{"0":0,"1":0,"2":0,"3":0,"4":0,"5":0,"6":0,"7":0,"8":0,"9":0,"10":0,"11":0,"12":0,"13":0,"14":0,"15":0,"16":0,"17":0,"18":0,"19":0,"20":0,"21":0,"22":0,"23":0,"24":0,"25":0,"26":0,"27":0,"28":0,"29":0,"30":0,"31":0,"32":0,"33":0},"f":{"0":0,"1":0,"2":0,"3":0,"4":0,"5":0,"6":0,"7":0,"8":0,"9":0,"10":0,"11":0,"12":0,"13":0,"14":0,"15":0,"16":0},"b":{"0":[0,0],"1":[0],"2":[0,0],"3":[0,0],"4":[0,0],"5":[0,0],"6":[0,0],"7":[0,0],"8":[0,0],"9":[0,0]}}
,"/Users/simondrevensek/Documents/Šola/RIRS/Git aplikacija/frontend/src/pages/CartPage.js": {"path":"/Users/simondrevensek/Documents/Šola/RIRS/Git aplikacija/frontend/src/pages/CartPage.js","statementMap":{"0":{"start":{"line":8,"column":55},"end":{"line":8,"column":64}},"1":{"start":{"line":9,"column":19},"end":{"line":9,"column":28}},"2":{"start":{"line":10,"column":19},"end":{"line":10,"column":32}},"3":{"start":{"line":12,"column":2},"end":{"line":25,"column":3}},"4":{"start":{"line":13,"column":4},"end":{"line":24,"column":6}},"5":{"start":{"line":27,"column":2},"end":{"line":87,"column":4}},"6":{"start":{"line":34,"column":12},"end":{"line":69,"column":18}},"7":{"start":{"line":50,"column":33},"end":{"line":50,"column":93}},"8":{"start":{"line":57,"column":33},"end":{"line":57,"column":93}},"9":{"start":{"line":64,"column":31},"end":{"line":64,"column":68}},"10":{"start":{"line":79,"column":27},"end":{"line":79,"column":94}}},"fnMap":{"0":{"name":"CartPage","decl":{"start":{"line":7,"column":9},"end":{"line":7,"column":17}},"loc":{"start":{"line":7,"column":20},"end":{"line":88,"column":1}},"line":7},"1":{"name":"(anonymous_1)","decl":{"start":{"line":33,"column":21},"end":{"line":33,"column":22}},"loc":{"start":{"line":34,"column":12},"end":{"line":69,"column":18}},"line":34},"2":{"name":"(anonymous_2)","decl":{"start":{"line":50,"column":27},"end":{"line":50,"column":28}},"loc":{"start":{"line":50,"column":33},"end":{"line":50,"column":93}},"line":50},"3":{"name":"(anonymous_3)","decl":{"start":{"line":57,"column":27},"end":{"line":57,"column":28}},"loc":{"start":{"line":57,"column":33},"end":{"line":57,"column":93}},"line":57},"4":{"name":"(anonymous_4)","decl":{"start":{"line":64,"column":25},"end":{"line":64,"column":26}},"loc":{"start":{"line":64,"column":31},"end":{"line":64,"column":68}},"line":64},"5":{"name":"(anonymous_5)","decl":{"start":{"line":79,"column":21},"end":{"line":79,"column":22}},"loc":{"start":{"line":79,"column":27},"end":{"line":79,"column":94}},"line":79}},"branchMap":{"0":{"loc":{"start":{"line":12,"column":2},"end":{"line":25,"column":3}},"type":"if","locations":[{"start":{"line":12,"column":2},"end":{"line":25,"column":3}},{"start":{},"end":{}}],"line":12},"1":{"loc":{"start":{"line":36,"column":56},"end":{"line":36,"column":81}},"type":"cond-expr","locations":[{"start":{"line":36,"column":66},"end":{"line":36,"column":76}},{"start":{"line":36,"column":79},"end":{"line":36,"column":81}}],"line":36},"2":{"loc":{"start":{"line":79,"column":27},"end":{"line":79,"column":94}},"type":"cond-expr","locations":[{"start":{"line":79,"column":34},"end":{"line":79,"column":55}},{"start":{"line":79,"column":58},"end":{"line":79,"column":94}}],"line":79},"3":{"loc":{"start":{"line":82,"column":13},"end":{"line":82,"column":70}},"type":"cond-expr","locations":[{"start":{"line":82,"column":20},"end":{"line":82,"column":42}},{"start":{"line":82,"column":45},"end":{"line":82,"column":70}}],"line":82}},"s":{"0":0,"1":0,"2":0,"3":0,"4":0,"5":0,"6":0,"7":0,"8":0,"9":0,"10":0},"f":{"0":0,"1":0,"2":0,"3":0,"4":0,"5":0},"b":{"0":[0,0],"1":[0,0],"2":[0,0],"3":[0,0]}}
,"/Users/simondrevensek/Documents/Šola/RIRS/Git aplikacija/frontend/src/pages/CheckoutPage.js": {"path":"/Users/simondrevensek/Documents/Šola/RIRS/Git aplikacija/frontend/src/pages/CheckoutPage.js","statementMap":{"0":{"start":{"line":8,"column":38},"end":{"line":8,"column":47}},"1":{"start":{"line":9,"column":19},"end":{"line":9,"column":28}},"2":{"start":{"line":10,"column":19},"end":{"line":10,"column":32}},"3":{"start":{"line":11,"column":32},"end":{"line":11,"column":47}},"4":{"start":{"line":12,"column":26},"end":{"line":16,"column":4}},"5":{"start":{"line":18,"column":23},"end":{"line":46,"column":3}},"6":{"start":{"line":19,"column":4},"end":{"line":19,"column":23}},"7":{"start":{"line":20,"column":4},"end":{"line":23,"column":5}},"8":{"start":{"line":21,"column":6},"end":{"line":21,"column":44}},"9":{"start":{"line":22,"column":6},"end":{"line":22,"column":13}},"10":{"start":{"line":25,"column":4},"end":{"line":25,"column":21}},"11":{"start":{"line":26,"column":4},"end":{"line":45,"column":5}},"12":{"start":{"line":27,"column":6},"end":{"line":36,"column":9}},"13":{"start":{"line":28,"column":31},"end":{"line":32,"column":9}},"14":{"start":{"line":38,"column":6},"end":{"line":38,"column":18}},"15":{"start":{"line":39,"column":6},"end":{"line":39,"column":26}},"16":{"start":{"line":40,"column":6},"end":{"line":40,"column":40}},"17":{"start":{"line":42,"column":6},"end":{"line":42,"column":42}},"18":{"start":{"line":44,"column":6},"end":{"line":44,"column":24}},"19":{"start":{"line":48,"column":2},"end":{"line":51,"column":3}},"20":{"start":{"line":49,"column":4},"end":{"line":49,"column":22}},"21":{"start":{"line":50,"column":4},"end":{"line":50,"column":16}},"22":{"start":{"line":53,"column":2},"end":{"line":122,"column":4}},"23":{"start":{"line":67,"column":31},"end":{"line":67,"column":76}},"24":{"start":{"line":78,"column":33},"end":{"line":78,"column":75}},"25":{"start":{"line":88,"column":33},"end":{"line":88,"column":81}},"26":{"start":{"line":100,"column":16},"end":{"line":103,"column":22}}},"fnMap":{"0":{"name":"CheckoutPage","decl":{"start":{"line":7,"column":9},"end":{"line":7,"column":21}},"loc":{"start":{"line":7,"column":24},"end":{"line":123,"column":1}},"line":7},"1":{"name":"(anonymous_1)","decl":{"start":{"line":18,"column":23},"end":{"line":18,"column":24}},"loc":{"start":{"line":18,"column":36},"end":{"line":46,"column":3}},"line":18},"2":{"name":"(anonymous_2)","decl":{"start":{"line":28,"column":25},"end":{"line":28,"column":26}},"loc":{"start":{"line":28,"column":31},"end":{"line":32,"column":9}},"line":28},"3":{"name":"(anonymous_3)","decl":{"start":{"line":67,"column":26},"end":{"line":67,"column":27}},"loc":{"start":{"line":67,"column":31},"end":{"line":67,"column":76}},"line":67},"4":{"name":"(anonymous_4)","decl":{"start":{"line":78,"column":28},"end":{"line":78,"column":29}},"loc":{"start":{"line":78,"column":33},"end":{"line":78,"column":75}},"line":78},"5":{"name":"(anonymous_5)","decl":{"start":{"line":88,"column":28},"end":{"line":88,"column":29}},"loc":{"start":{"line":88,"column":33},"end":{"line":88,"column":81}},"line":88},"6":{"name":"(anonymous_6)","decl":{"start":{"line":99,"column":25},"end":{"line":99,"column":26}},"loc":{"start":{"line":100,"column":16},"end":{"line":103,"column":22}},"line":100}},"branchMap":{"0":{"loc":{"start":{"line":13,"column":13},"end":{"line":13,"column":32}},"type":"binary-expr","locations":[{"start":{"line":13,"column":13},"end":{"line":13,"column":26}},{"start":{"line":13,"column":30},"end":{"line":13,"column":32}}],"line":13},"1":{"loc":{"start":{"line":14,"column":10},"end":{"line":14,"column":33}},"type":"binary-expr","locations":[{"start":{"line":14,"column":10},"end":{"line":14,"column":20}},{"start":{"line":14,"column":24},"end":{"line":14,"column":33}}],"line":14},"2":{"loc":{"start":{"line":15,"column":16},"end":{"line":15,"column":42}},"type":"binary-expr","locations":[{"start":{"line":15,"column":16},"end":{"line":15,"column":32}},{"start":{"line":15,"column":36},"end":{"line":15,"column":42}}],"line":15},"3":{"loc":{"start":{"line":20,"column":4},"end":{"line":23,"column":5}},"type":"if","locations":[{"start":{"line":20,"column":4},"end":{"line":23,"column":5}},{"start":{},"end":{}}],"line":20},"4":{"loc":{"start":{"line":20,"column":8},"end":{"line":20,"column":55}},"type":"binary-expr","locations":[{"start":{"line":20,"column":8},"end":{"line":20,"column":21}},{"start":{"line":20,"column":25},"end":{"line":20,"column":35}},{"start":{"line":20,"column":39},"end":{"line":20,"column":55}}],"line":20},"5":{"loc":{"start":{"line":48,"column":2},"end":{"line":51,"column":3}},"type":"if","locations":[{"start":{"line":48,"column":2},"end":{"line":51,"column":3}},{"start":{},"end":{}}],"line":48},"6":{"loc":{"start":{"line":117,"column":13},"end":{"line":117,"column":59}},"type":"cond-expr","locations":[{"start":{"line":117,"column":23},"end":{"line":117,"column":39}},{"start":{"line":117,"column":42},"end":{"line":117,"column":59}}],"line":117}},"s":{"0":0,"1":0,"2":0,"3":0,"4":0,"5":0,"6":0,"7":0,"8":0,"9":0,"10":0,"11":0,"12":0,"13":0,"14":0,"15":0,"16":0,"17":0,"18":0,"19":0,"20":0,"21":0,"22":0,"23":0,"24":0,"25":0,"26":0},"f":{"0":0,"1":0,"2":0,"3":0,"4":0,"5":0,"6":0},"b":{"0":[0,0],"1":[0,0],"2":[0,0],"3":[0,0],"4":[0,0,0],"5":[0,0],"6":[0,0]}}
,"/Users/simondrevensek/Documents/Šola/RIRS/Git aplikacija/frontend/src/pages/HomePage.js": {"path":"/Users/simondrevensek/Documents/Šola/RIRS/Git aplikacija/frontend/src/pages/HomePage.js","statementMap":{"0":{"start":{"line":8,"column":34},"end":{"line":8,"column":46}},"1":{"start":{"line":9,"column":32},"end":{"line":9,"column":46}},"2":{"start":{"line":11,"column":2},"end":{"line":16,"column":9}},"3":{"start":{"line":12,"column":4},"end":{"line":15,"column":40}},"4":{"start":{"line":13,"column":19},"end":{"line":13,"column":52}},"5":{"start":{"line":15,"column":21},"end":{"line":15,"column":38}},"6":{"start":{"line":18,"column":2},"end":{"line":89,"column":4}},"7":{"start":{"line":47,"column":16},"end":{"line":47,"column":66}}},"fnMap":{"0":{"name":"HomePage","decl":{"start":{"line":7,"column":9},"end":{"line":7,"column":17}},"loc":{"start":{"line":7,"column":20},"end":{"line":90,"column":1}},"line":7},"1":{"name":"(anonymous_1)","decl":{"start":{"line":11,"column":12},"end":{"line":11,"column":13}},"loc":{"start":{"line":11,"column":18},"end":{"line":16,"column":3}},"line":11},"2":{"name":"(anonymous_2)","decl":{"start":{"line":13,"column":12},"end":{"line":13,"column":13}},"loc":{"start":{"line":13,"column":19},"end":{"line":13,"column":52}},"line":13},"3":{"name":"(anonymous_3)","decl":{"start":{"line":15,"column":15},"end":{"line":15,"column":16}},"loc":{"start":{"line":15,"column":21},"end":{"line":15,"column":38}},"line":15},"4":{"name":"(anonymous_4)","decl":{"start":{"line":46,"column":28},"end":{"line":46,"column":29}},"loc":{"start":{"line":47,"column":16},"end":{"line":47,"column":66}},"line":47}},"branchMap":{"0":{"loc":{"start":{"line":42,"column":11},"end":{"line":50,"column":11}},"type":"cond-expr","locations":[{"start":{"line":43,"column":12},"end":{"line":43,"column":65}},{"start":{"line":45,"column":12},"end":{"line":49,"column":18}}],"line":42}},"s":{"0":0,"1":0,"2":0,"3":0,"4":0,"5":0,"6":0,"7":0},"f":{"0":0,"1":0,"2":0,"3":0,"4":0},"b":{"0":[0,0]}}
,"/Users/simondrevensek/Documents/Šola/RIRS/Git aplikacija/frontend/src/pages/LoginPage.js": {"path":"/Users/simondrevensek/Documents/Šola/RIRS/Git aplikacija/frontend/src/pages/LoginPage.js","statementMap":{"0":{"start":{"line":6,"column":20},"end":{"line":6,"column":29}},"1":{"start":{"line":7,"column":19},"end":{"line":7,"column":32}},"2":{"start":{"line":8,"column":25},"end":{"line":8,"column":42}},"3":{"start":{"line":9,"column":28},"end":{"line":9,"column":40}},"4":{"start":{"line":10,"column":34},"end":{"line":10,"column":46}},"5":{"start":{"line":11,"column":28},"end":{"line":11,"column":40}},"6":{"start":{"line":12,"column":32},"end":{"line":12,"column":47}},"7":{"start":{"line":14,"column":19},"end":{"line":14,"column":53}},"8":{"start":{"line":16,"column":23},"end":{"line":28,"column":3}},"9":{"start":{"line":17,"column":4},"end":{"line":17,"column":23}},"10":{"start":{"line":18,"column":4},"end":{"line":18,"column":17}},"11":{"start":{"line":19,"column":4},"end":{"line":19,"column":21}},"12":{"start":{"line":20,"column":4},"end":{"line":27,"column":5}},"13":{"start":{"line":21,"column":6},"end":{"line":21,"column":35}},"14":{"start":{"line":22,"column":6},"end":{"line":22,"column":31}},"15":{"start":{"line":24,"column":6},"end":{"line":24,"column":42}},"16":{"start":{"line":26,"column":6},"end":{"line":26,"column":24}},"17":{"start":{"line":30,"column":30},"end":{"line":33,"column":3}},"18":{"start":{"line":31,"column":4},"end":{"line":31,"column":33}},"19":{"start":{"line":32,"column":4},"end":{"line":32,"column":27}},"20":{"start":{"line":35,"column":2},"end":{"line":102,"column":4}},"21":{"start":{"line":53,"column":31},"end":{"line":53,"column":55}},"22":{"start":{"line":64,"column":31},"end":{"line":64,"column":58}}},"fnMap":{"0":{"name":"LoginPage","decl":{"start":{"line":5,"column":9},"end":{"line":5,"column":18}},"loc":{"start":{"line":5,"column":21},"end":{"line":103,"column":1}},"line":5},"1":{"name":"(anonymous_1)","decl":{"start":{"line":16,"column":23},"end":{"line":16,"column":24}},"loc":{"start":{"line":16,"column":36},"end":{"line":28,"column":3}},"line":16},"2":{"name":"(anonymous_2)","decl":{"start":{"line":30,"column":30},"end":{"line":30,"column":31}},"loc":{"start":{"line":30,"column":36},"end":{"line":33,"column":3}},"line":30},"3":{"name":"(anonymous_3)","decl":{"start":{"line":53,"column":26},"end":{"line":53,"column":27}},"loc":{"start":{"line":53,"column":31},"end":{"line":53,"column":55}},"line":53},"4":{"name":"(anonymous_4)","decl":{"start":{"line":64,"column":26},"end":{"line":64,"column":27}},"loc":{"start":{"line":64,"column":31},"end":{"line":64,"column":58}},"line":64}},"branchMap":{"0":{"loc":{"start":{"line":14,"column":19},"end":{"line":14,"column":53}},"type":"binary-expr","locations":[{"start":{"line":14,"column":19},"end":{"line":14,"column":47}},{"start":{"line":14,"column":51},"end":{"line":14,"column":53}}],"line":14},"1":{"loc":{"start":{"line":41,"column":11},"end":{"line":45,"column":11}},"type":"binary-expr","locations":[{"start":{"line":41,"column":11},"end":{"line":41,"column":16}},{"start":{"line":42,"column":12},"end":{"line":44,"column":18}}],"line":41},"2":{"loc":{"start":{"line":77,"column":13},"end":{"line":77,"column":52}},"type":"cond-expr","locations":[{"start":{"line":77,"column":23},"end":{"line":77,"column":40}},{"start":{"line":77,"column":43},"end":{"line":77,"column":52}}],"line":77}},"s":{"0":0,"1":0,"2":0,"3":0,"4":0,"5":0,"6":0,"7":0,"8":0,"9":0,"10":0,"11":0,"12":0,"13":0,"14":0,"15":0,"16":0,"17":0,"18":0,"19":0,"20":0,"21":0,"22":0},"f":{"0":0,"1":0,"2":0,"3":0,"4":0},"b":{"0":[0,0],"1":[0,0],"2":[0,0]}}
,"/Users/simondrevensek/Documents/Šola/RIRS/Git aplikacija/frontend/src/pages/OrdersPage.js": {"path":"/Users/simondrevensek/Documents/Šola/RIRS/Git aplikacija/frontend/src/pages/OrdersPage.js","statementMap":{"0":{"start":{"line":7,"column":30},"end":{"line":7,"column":42}},"1":{"start":{"line":8,"column":32},"end":{"line":8,"column":46}},"2":{"start":{"line":10,"column":2},"end":{"line":15,"column":9}},"3":{"start":{"line":11,"column":4},"end":{"line":14,"column":40}},"4":{"start":{"line":12,"column":19},"end":{"line":12,"column":38}},"5":{"start":{"line":14,"column":21},"end":{"line":14,"column":38}},"6":{"start":{"line":17,"column":23},"end":{"line":23,"column":3}},"7":{"start":{"line":25,"column":23},"end":{"line":31,"column":3}},"8":{"start":{"line":33,"column":2},"end":{"line":35,"column":3}},"9":{"start":{"line":34,"column":4},"end":{"line":34,"column":65}},"10":{"start":{"line":37,"column":2},"end":{"line":94,"column":4}},"11":{"start":{"line":56,"column":14},"end":{"line":88,"column":20}},"12":{"start":{"line":70,"column":20},"end":{"line":81,"column":26}}},"fnMap":{"0":{"name":"OrdersPage","decl":{"start":{"line":6,"column":9},"end":{"line":6,"column":19}},"loc":{"start":{"line":6,"column":22},"end":{"line":95,"column":1}},"line":6},"1":{"name":"(anonymous_1)","decl":{"start":{"line":10,"column":12},"end":{"line":10,"column":13}},"loc":{"start":{"line":10,"column":18},"end":{"line":15,"column":3}},"line":10},"2":{"name":"(anonymous_2)","decl":{"start":{"line":12,"column":12},"end":{"line":12,"column":13}},"loc":{"start":{"line":12,"column":19},"end":{"line":12,"column":38}},"line":12},"3":{"name":"(anonymous_3)","decl":{"start":{"line":14,"column":15},"end":{"line":14,"column":16}},"loc":{"start":{"line":14,"column":21},"end":{"line":14,"column":38}},"line":14},"4":{"name":"(anonymous_4)","decl":{"start":{"line":55,"column":24},"end":{"line":55,"column":25}},"loc":{"start":{"line":56,"column":14},"end":{"line":88,"column":20}},"line":56},"5":{"name":"(anonymous_5)","decl":{"start":{"line":69,"column":36},"end":{"line":69,"column":37}},"loc":{"start":{"line":70,"column":20},"end":{"line":81,"column":26}},"line":70}},"branchMap":{"0":{"loc":{"start":{"line":33,"column":2},"end":{"line":35,"column":3}},"type":"if","locations":[{"start":{"line":33,"column":2},"end":{"line":35,"column":3}},{"start":{},"end":{}}],"line":33},"1":{"loc":{"start":{"line":42,"column":9},"end":{"line":91,"column":9}},"type":"cond-expr","locations":[{"start":{"line":43,"column":10},"end":{"line":52,"column":16}},{"start":{"line":54,"column":10},"end":{"line":90,"column":16}}],"line":42}},"s":{"0":0,"1":0,"2":0,"3":0,"4":0,"5":0,"6":0,"7":0,"8":0,"9":0,"10":0,"11":0,"12":0},"f":{"0":0,"1":0,"2":0,"3":0,"4":0,"5":0},"b":{"0":[0,0],"1":[0,0]}}
,"/Users/simondrevensek/Documents/Šola/RIRS/Git aplikacija/frontend/src/pages/ProductDetailPage.js": {"path":"/Users/simondrevensek/Documents/Šola/RIRS/Git aplikacija/frontend/src/pages/ProductDetailPage.js","statementMap":{"0":{"start":{"line":7,"column":17},"end":{"line":7,"column":28}},"1":{"start":{"line":8,"column":32},"end":{"line":8,"column":46}},"2":{"start":{"line":9,"column":42},"end":{"line":9,"column":54}},"3":{"start":{"line":10,"column":32},"end":{"line":10,"column":46}},"4":{"start":{"line":11,"column":22},"end":{"line":11,"column":31}},"5":{"start":{"line":12,"column":19},"end":{"line":12,"column":32}},"6":{"start":{"line":14,"column":2},"end":{"line":19,"column":11}},"7":{"start":{"line":15,"column":4},"end":{"line":18,"column":40}},"8":{"start":{"line":16,"column":19},"end":{"line":16,"column":39}},"9":{"start":{"line":18,"column":21},"end":{"line":18,"column":38}},"10":{"start":{"line":21,"column":26},"end":{"line":28,"column":3}},"11":{"start":{"line":22,"column":4},"end":{"line":25,"column":5}},"12":{"start":{"line":23,"column":6},"end":{"line":23,"column":42}},"13":{"start":{"line":24,"column":6},"end":{"line":24,"column":13}},"14":{"start":{"line":26,"column":4},"end":{"line":26,"column":35}},"15":{"start":{"line":27,"column":4},"end":{"line":27,"column":22}},"16":{"start":{"line":30,"column":2},"end":{"line":32,"column":3}},"17":{"start":{"line":31,"column":4},"end":{"line":31,"column":65}},"18":{"start":{"line":34,"column":2},"end":{"line":36,"column":3}},"19":{"start":{"line":35,"column":4},"end":{"line":35,"column":70}},"20":{"start":{"line":38,"column":2},"end":{"line":104,"column":4}},"21":{"start":{"line":64,"column":20},"end":{"line":77,"column":29}},"22":{"start":{"line":66,"column":37},"end":{"line":66,"column":60}}},"fnMap":{"0":{"name":"ProductDetailPage","decl":{"start":{"line":6,"column":9},"end":{"line":6,"column":26}},"loc":{"start":{"line":6,"column":29},"end":{"line":105,"column":1}},"line":6},"1":{"name":"(anonymous_1)","decl":{"start":{"line":14,"column":12},"end":{"line":14,"column":13}},"loc":{"start":{"line":14,"column":18},"end":{"line":19,"column":3}},"line":14},"2":{"name":"(anonymous_2)","decl":{"start":{"line":16,"column":12},"end":{"line":16,"column":13}},"loc":{"start":{"line":16,"column":19},"end":{"line":16,"column":39}},"line":16},"3":{"name":"(anonymous_3)","decl":{"start":{"line":18,"column":15},"end":{"line":18,"column":16}},"loc":{"start":{"line":18,"column":21},"end":{"line":18,"column":38}},"line":18},"4":{"name":"(anonymous_4)","decl":{"start":{"line":21,"column":26},"end":{"line":21,"column":27}},"loc":{"start":{"line":21,"column":32},"end":{"line":28,"column":3}},"line":21},"5":{"name":"(anonymous_5)","decl":{"start":{"line":63,"column":38},"end":{"line":63,"column":39}},"loc":{"start":{"line":64,"column":20},"end":{"line":77,"column":29}},"line":64},"6":{"name":"(anonymous_6)","decl":{"start":{"line":66,"column":31},"end":{"line":66,"column":32}},"loc":{"start":{"line":66,"column":37},"end":{"line":66,"column":60}},"line":66}},"branchMap":{"0":{"loc":{"start":{"line":22,"column":4},"end":{"line":25,"column":5}},"type":"if","locations":[{"start":{"line":22,"column":4},"end":{"line":25,"column":5}},{"start":{},"end":{}}],"line":22},"1":{"loc":{"start":{"line":30,"column":2},"end":{"line":32,"column":3}},"type":"if","locations":[{"start":{"line":30,"column":2},"end":{"line":32,"column":3}},{"start":{},"end":{}}],"line":30},"2":{"loc":{"start":{"line":34,"column":2},"end":{"line":36,"column":3}},"type":"if","locations":[{"start":{"line":34,"column":2},"end":{"line":36,"column":3}},{"start":{},"end":{}}],"line":34},"3":{"loc":{"start":{"line":69,"column":26},"end":{"line":73,"column":92}},"type":"cond-expr","locations":[{"start":{"line":70,"column":28},"end":{"line":70,"column":62}},{"start":{"line":71,"column":28},"end":{"line":73,"column":92}}],"line":69},"4":{"loc":{"start":{"line":71,"column":28},"end":{"line":73,"column":92}},"type":"cond-expr","locations":[{"start":{"line":72,"column":30},"end":{"line":72,"column":66}},{"start":{"line":73,"column":30},"end":{"line":73,"column":92}}],"line":71}},"s":{"0":0,"1":0,"2":0,"3":0,"4":0,"5":0,"6":0,"7":0,"8":0,"9":0,"10":0,"11":0,"12":0,"13":0,"14":0,"15":0,"16":0,"17":0,"18":0,"19":0,"20":0,"21":0,"22":0},"f":{"0":0,"1":0,"2":0,"3":0,"4":0,"5":0,"6":0},"b":{"0":[0,0],"1":[0,0],"2":[0,0],"3":[0,0],"4":[0,0]}}
,"/Users/simondrevensek/Documents/Šola/RIRS/Git aplikacija/frontend/src/pages/ProductsPage.js": {"path":"/Users/simondrevensek/Documents/Šola/RIRS/Git aplikacija/frontend/src/pages/ProductsPage.js","statementMap":{"0":{"start":{"line":7,"column":34},"end":{"line":7,"column":46}},"1":{"start":{"line":8,"column":32},"end":{"line":8,"column":46}},"2":{"start":{"line":9,"column":30},"end":{"line":9,"column":45}},"3":{"start":{"line":11,"column":2},"end":{"line":16,"column":9}},"4":{"start":{"line":12,"column":4},"end":{"line":15,"column":40}},"5":{"start":{"line":13,"column":19},"end":{"line":13,"column":40}},"6":{"start":{"line":15,"column":21},"end":{"line":15,"column":38}},"7":{"start":{"line":19,"column":27},"end":{"line":26,"column":4}},"8":{"start":{"line":20,"column":4},"end":{"line":20,"column":38}},"9":{"start":{"line":20,"column":26},"end":{"line":20,"column":38}},"10":{"start":{"line":21,"column":17},"end":{"line":21,"column":43}},"11":{"start":{"line":22,"column":4},"end":{"line":22,"column":108}},"12":{"start":{"line":22,"column":27},"end":{"line":22,"column":108}},"13":{"start":{"line":23,"column":4},"end":{"line":23,"column":54}},"14":{"start":{"line":23,"column":26},"end":{"line":23,"column":54}},"15":{"start":{"line":24,"column":4},"end":{"line":24,"column":54}},"16":{"start":{"line":24,"column":26},"end":{"line":24,"column":54}},"17":{"start":{"line":25,"column":4},"end":{"line":25,"column":16}},"18":{"start":{"line":28,"column":24},"end":{"line":33,"column":3}},"19":{"start":{"line":35,"column":2},"end":{"line":82,"column":4}},"20":{"start":{"line":46,"column":16},"end":{"line":56,"column":25}},"21":{"start":{"line":48,"column":33},"end":{"line":48,"column":56}},"22":{"start":{"line":76,"column":14},"end":{"line":76,"column":64}}},"fnMap":{"0":{"name":"ProductsPage","decl":{"start":{"line":6,"column":9},"end":{"line":6,"column":21}},"loc":{"start":{"line":6,"column":24},"end":{"line":83,"column":1}},"line":6},"1":{"name":"(anonymous_1)","decl":{"start":{"line":11,"column":12},"end":{"line":11,"column":13}},"loc":{"start":{"line":11,"column":18},"end":{"line":16,"column":3}},"line":11},"2":{"name":"(anonymous_2)","decl":{"start":{"line":13,"column":12},"end":{"line":13,"column":13}},"loc":{"start":{"line":13,"column":19},"end":{"line":13,"column":40}},"line":13},"3":{"name":"(anonymous_3)","decl":{"start":{"line":15,"column":15},"end":{"line":15,"column":16}},"loc":{"start":{"line":15,"column":21},"end":{"line":15,"column":38}},"line":15},"4":{"name":"(anonymous_4)","decl":{"start":{"line":19,"column":43},"end":{"line":19,"column":44}},"loc":{"start":{"line":19,"column":54},"end":{"line":26,"column":3}},"line":19},"5":{"name":"(anonymous_5)","decl":{"start":{"line":45,"column":33},"end":{"line":45,"column":34}},"loc":{"start":{"line":46,"column":16},"end":{"line":56,"column":25}},"line":46},"6":{"name":"(anonymous_6)","decl":{"start":{"line":48,"column":27},"end":{"line":48,"column":28}},"loc":{"start":{"line":48,"column":33},"end":{"line":48,"column":56}},"line":48},"7":{"name":"(anonymous_7)","decl":{"start":{"line":75,"column":34},"end":{"line":75,"column":35}},"loc":{"start":{"line":76,"column":14},"end":{"line":76,"column":64}},"line":76}},"branchMap":{"0":{"loc":{"start":{"line":20,"column":4},"end":{"line":20,"column":38}},"type":"if","locations":[{"start":{"line":20,"column":4},"end":{"line":20,"column":38}},{"start":{},"end":{}}],"line":20},"1":{"loc":{"start":{"line":22,"column":4},"end":{"line":22,"column":108}},"type":"if","locations":[{"start":{"line":22,"column":4},"end":{"line":22,"column":108}},{"start":{},"end":{}}],"line":22},"2":{"loc":{"start":{"line":22,"column":34},"end":{"line":22,"column":107}},"type":"binary-expr","locations":[{"start":{"line":22,"column":34},"end":{"line":22,"column":55}},{"start":{"line":22,"column":60},"end":{"line":22,"column":81}},{"start":{"line":22,"column":85},"end":{"line":22,"column":106}}],"line":22},"3":{"loc":{"start":{"line":23,"column":4},"end":{"line":23,"column":54}},"type":"if","locations":[{"start":{"line":23,"column":4},"end":{"line":23,"column":54}},{"start":{},"end":{}}],"line":23},"4":{"loc":{"start":{"line":24,"column":4},"end":{"line":24,"column":54}},"type":"if","locations":[{"start":{"line":24,"column":4},"end":{"line":24,"column":54}},{"start":{},"end":{}}],"line":24},"5":{"loc":{"start":{"line":50,"column":20},"end":{"line":52,"column":73}},"type":"cond-expr","locations":[{"start":{"line":51,"column":24},"end":{"line":51,"column":45}},{"start":{"line":52,"column":24},"end":{"line":52,"column":73}}],"line":50},"6":{"loc":{"start":{"line":67,"column":9},"end":{"line":79,"column":9}},"type":"cond-expr","locations":[{"start":{"line":68,"column":10},"end":{"line":68,"column":63}},{"start":{"line":69,"column":12},"end":{"line":79,"column":9}}],"line":67},"7":{"loc":{"start":{"line":69,"column":12},"end":{"line":79,"column":9}},"type":"cond-expr","locations":[{"start":{"line":70,"column":10},"end":{"line":72,"column":16}},{"start":{"line":74,"column":10},"end":{"line":78,"column":16}}],"line":69}},"s":{"0":0,"1":0,"2":0,"3":0,"4":0,"5":0,"6":0,"7":0,"8":0,"9":0,"10":0,"11":0,"12":0,"13":0,"14":0,"15":0,"16":0,"17":0,"18":0,"19":0,"20":0,"21":0,"22":0},"f":{"0":0,"1":0,"2":0,"3":0,"4":0,"5":0,"6":0,"7":0},"b":{"0":[0,0],"1":[0,0],"2":[0,0,0],"3":[0,0],"4":[0,0],"5":[0,0],"6":[0,0],"7":[0,0]}}
,"/Users/simondrevensek/Documents/Šola/RIRS/Git aplikacija/frontend/src/pages/RegisterPage.js": {"path":"/Users/simondrevensek/Documents/Šola/RIRS/Git aplikacija/frontend/src/pages/RegisterPage.js","statementMap":{"0":{"start":{"line":6,"column":23},"end":{"line":6,"column":32}},"1":{"start":{"line":7,"column":19},"end":{"line":7,"column":32}},"2":{"start":{"line":8,"column":26},"end":{"line":13,"column":4}},"3":{"start":{"line":14,"column":28},"end":{"line":14,"column":40}},"4":{"start":{"line":15,"column":32},"end":{"line":15,"column":47}},"5":{"start":{"line":17,"column":23},"end":{"line":29,"column":3}},"6":{"start":{"line":18,"column":4},"end":{"line":18,"column":23}},"7":{"start":{"line":19,"column":4},"end":{"line":19,"column":17}},"8":{"start":{"line":20,"column":4},"end":{"line":20,"column":21}},"9":{"start":{"line":21,"column":4},"end":{"line":28,"column":5}},"10":{"start":{"line":22,"column":6},"end":{"line":22,"column":79}},"11":{"start":{"line":23,"column":6},"end":{"line":23,"column":20}},"12":{"start":{"line":25,"column":6},"end":{"line":25,"column":71}},"13":{"start":{"line":27,"column":6},"end":{"line":27,"column":24}},"14":{"start":{"line":31,"column":2},"end":{"line":106,"column":4}},"15":{"start":{"line":50,"column":33},"end":{"line":50,"column":80}},"16":{"start":{"line":60,"column":33},"end":{"line":60,"column":79}},"17":{"start":{"line":71,"column":31},"end":{"line":71,"column":74}},"18":{"start":{"line":81,"column":31},"end":{"line":81,"column":77}}},"fnMap":{"0":{"name":"RegisterPage","decl":{"start":{"line":5,"column":9},"end":{"line":5,"column":21}},"loc":{"start":{"line":5,"column":24},"end":{"line":107,"column":1}},"line":5},"1":{"name":"(anonymous_1)","decl":{"start":{"line":17,"column":23},"end":{"line":17,"column":24}},"loc":{"start":{"line":17,"column":36},"end":{"line":29,"column":3}},"line":17},"2":{"name":"(anonymous_2)","decl":{"start":{"line":50,"column":28},"end":{"line":50,"column":29}},"loc":{"start":{"line":50,"column":33},"end":{"line":50,"column":80}},"line":50},"3":{"name":"(anonymous_3)","decl":{"start":{"line":60,"column":28},"end":{"line":60,"column":29}},"loc":{"start":{"line":60,"column":33},"end":{"line":60,"column":79}},"line":60},"4":{"name":"(anonymous_4)","decl":{"start":{"line":71,"column":26},"end":{"line":71,"column":27}},"loc":{"start":{"line":71,"column":31},"end":{"line":71,"column":74}},"line":71},"5":{"name":"(anonymous_5)","decl":{"start":{"line":81,"column":26},"end":{"line":81,"column":27}},"loc":{"start":{"line":81,"column":31},"end":{"line":81,"column":77}},"line":81}},"branchMap":{"0":{"loc":{"start":{"line":25,"column":15},"end":{"line":25,"column":69}},"type":"binary-expr","locations":[{"start":{"line":25,"column":15},"end":{"line":25,"column":40}},{"start":{"line":25,"column":44},"end":{"line":25,"column":69}}],"line":25},"1":{"loc":{"start":{"line":37,"column":11},"end":{"line":41,"column":11}},"type":"binary-expr","locations":[{"start":{"line":37,"column":11},"end":{"line":37,"column":16}},{"start":{"line":38,"column":12},"end":{"line":40,"column":18}}],"line":37},"2":{"loc":{"start":{"line":94,"column":13},"end":{"line":94,"column":59}},"type":"cond-expr","locations":[{"start":{"line":94,"column":23},"end":{"line":94,"column":40}},{"start":{"line":94,"column":43},"end":{"line":94,"column":59}}],"line":94}},"s":{"0":0,"1":0,"2":0,"3":0,"4":0,"5":0,"6":0,"7":0,"8":0,"9":0,"10":0,"11":0,"12":0,"13":0,"14":0,"15":0,"16":0,"17":0,"18":0},"f":{"0":0,"1":0,"2":0,"3":0,"4":0,"5":0},"b":{"0":[0,0],"1":[0,0],"2":[0,0]}}
,"/Users/simondrevensek/Documents/Šola/RIRS/Git aplikacija/frontend/src/utils/cartUtils.js": {"path":"/Users/simondrevensek/Documents/Šola/RIRS/Git aplikacija/frontend/src/utils/cartUtils.js","statementMap":{"0":{"start":{"line":10,"column":30},"end":{"line":17,"column":1}},"1":{"start":{"line":11,"column":2},"end":{"line":11,"column":38}},"2":{"start":{"line":11,"column":29},"end":{"line":11,"column":38}},"3":{"start":{"line":12,"column":2},"end":{"line":16,"column":8}},"4":{"start":{"line":13,"column":18},"end":{"line":13,"column":45}},"5":{"start":{"line":14,"column":21},"end":{"line":14,"column":49}},"6":{"start":{"line":15,"column":4},"end":{"line":15,"column":34}},"7":{"start":{"line":24,"column":34},"end":{"line":27,"column":1}},"8":{"start":{"line":25,"column":2},"end":{"line":25,"column":38}},"9":{"start":{"line":25,"column":29},"end":{"line":25,"column":38}},"10":{"start":{"line":26,"column":2},"end":{"line":26,"column":78}},"11":{"start":{"line":26,"column":37},"end":{"line":26,"column":73}},"12":{"start":{"line":36,"column":28},"end":{"line":39,"column":1}},"13":{"start":{"line":37,"column":2},"end":{"line":37,"column":46}},"14":{"start":{"line":37,"column":29},"end":{"line":37,"column":46}},"15":{"start":{"line":38,"column":2},"end":{"line":38,"column":82}},"16":{"start":{"line":38,"column":30},"end":{"line":38,"column":80}},"17":{"start":{"line":47,"column":27},"end":{"line":53,"column":1}},"18":{"start":{"line":48,"column":19},"end":{"line":48,"column":41}},"19":{"start":{"line":49,"column":2},"end":{"line":52,"column":22}},"20":{"start":{"line":60,"column":31},"end":{"line":74,"column":1}},"21":{"start":{"line":61,"column":2},"end":{"line":61,"column":54}},"22":{"start":{"line":61,"column":41},"end":{"line":61,"column":54}},"23":{"start":{"line":62,"column":2},"end":{"line":73,"column":4}},"24":{"start":{"line":81,"column":27},"end":{"line":84,"column":1}},"25":{"start":{"line":82,"column":2},"end":{"line":82,"column":41}},"26":{"start":{"line":82,"column":29},"end":{"line":82,"column":41}},"27":{"start":{"line":83,"column":2},"end":{"line":83,"column":28}},"28":{"start":{"line":91,"column":37},"end":{"line":95,"column":1}},"29":{"start":{"line":92,"column":2},"end":{"line":92,"column":38}},"30":{"start":{"line":92,"column":29},"end":{"line":92,"column":38}},"31":{"start":{"line":93,"column":20},"end":{"line":93,"column":64}},"32":{"start":{"line":93,"column":48},"end":{"line":93,"column":62}},"33":{"start":{"line":94,"column":2},"end":{"line":94,"column":24}},"34":{"start":{"line":103,"column":29},"end":{"line":108,"column":1}},"35":{"start":{"line":104,"column":19},"end":{"line":104,"column":41}},"36":{"start":{"line":105,"column":22},"end":{"line":105,"column":54}},"37":{"start":{"line":106,"column":2},"end":{"line":106,"column":60}},"38":{"start":{"line":106,"column":44},"end":{"line":106,"column":60}},"39":{"start":{"line":107,"column":2},"end":{"line":107,"column":44}}},"fnMap":{"0":{"name":"(anonymous_0)","decl":{"start":{"line":10,"column":30},"end":{"line":10,"column":31}},"loc":{"start":{"line":10,"column":41},"end":{"line":17,"column":1}},"line":10},"1":{"name":"(anonymous_1)","decl":{"start":{"line":12,"column":22},"end":{"line":12,"column":23}},"loc":{"start":{"line":12,"column":37},"end":{"line":16,"column":3}},"line":12},"2":{"name":"(anonymous_2)","decl":{"start":{"line":24,"column":34},"end":{"line":24,"column":35}},"loc":{"start":{"line":24,"column":45},"end":{"line":27,"column":1}},"line":24},"3":{"name":"(anonymous_3)","decl":{"start":{"line":26,"column":22},"end":{"line":26,"column":23}},"loc":{"start":{"line":26,"column":37},"end":{"line":26,"column":73}},"line":26},"4":{"name":"(anonymous_4)","decl":{"start":{"line":36,"column":28},"end":{"line":36,"column":29}},"loc":{"start":{"line":36,"column":56},"end":{"line":39,"column":1}},"line":36},"5":{"name":"(anonymous_5)","decl":{"start":{"line":38,"column":20},"end":{"line":38,"column":21}},"loc":{"start":{"line":38,"column":30},"end":{"line":38,"column":80}},"line":38},"6":{"name":"(anonymous_6)","decl":{"start":{"line":47,"column":27},"end":{"line":47,"column":28}},"loc":{"start":{"line":47,"column":56},"end":{"line":53,"column":1}},"line":47},"7":{"name":"(anonymous_7)","decl":{"start":{"line":60,"column":31},"end":{"line":60,"column":32}},"loc":{"start":{"line":60,"column":41},"end":{"line":74,"column":1}},"line":60},"8":{"name":"(anonymous_8)","decl":{"start":{"line":81,"column":27},"end":{"line":81,"column":28}},"loc":{"start":{"line":81,"column":38},"end":{"line":84,"column":1}},"line":81},"9":{"name":"(anonymous_9)","decl":{"start":{"line":91,"column":37},"end":{"line":91,"column":38}},"loc":{"start":{"line":91,"column":48},"end":{"line":95,"column":1}},"line":91},"10":{"name":"(anonymous_10)","decl":{"start":{"line":93,"column":38},"end":{"line":93,"column":39}},"loc":{"start":{"line":93,"column":48},"end":{"line":93,"column":62}},"line":93},"11":{"name":"(anonymous_11)","decl":{"start":{"line":103,"column":29},"end":{"line":103,"column":30}},"loc":{"start":{"line":103,"column":57},"end":{"line":108,"column":1}},"line":103}},"branchMap":{"0":{"loc":{"start":{"line":11,"column":2},"end":{"line":11,"column":38}},"type":"if","locations":[{"start":{"line":11,"column":2},"end":{"line":11,"column":38}},{"start":{},"end":{}}],"line":11},"1":{"loc":{"start":{"line":13,"column":18},"end":{"line":13,"column":45}},"type":"binary-expr","locations":[{"start":{"line":13,"column":18},"end":{"line":13,"column":40}},{"start":{"line":13,"column":44},"end":{"line":13,"column":45}}],"line":13},"2":{"loc":{"start":{"line":14,"column":21},"end":{"line":14,"column":49}},"type":"binary-expr","locations":[{"start":{"line":14,"column":21},"end":{"line":14,"column":44}},{"start":{"line":14,"column":48},"end":{"line":14,"column":49}}],"line":14},"3":{"loc":{"start":{"line":25,"column":2},"end":{"line":25,"column":38}},"type":"if","locations":[{"start":{"line":25,"column":2},"end":{"line":25,"column":38}},{"start":{},"end":{}}],"line":25},"4":{"loc":{"start":{"line":26,"column":44},"end":{"line":26,"column":72}},"type":"binary-expr","locations":[{"start":{"line":26,"column":44},"end":{"line":26,"column":67}},{"start":{"line":26,"column":71},"end":{"line":26,"column":72}}],"line":26},"5":{"loc":{"start":{"line":37,"column":2},"end":{"line":37,"column":46}},"type":"if","locations":[{"start":{"line":37,"column":2},"end":{"line":37,"column":46}},{"start":{},"end":{}}],"line":37},"6":{"loc":{"start":{"line":38,"column":30},"end":{"line":38,"column":80}},"type":"binary-expr","locations":[{"start":{"line":38,"column":30},"end":{"line":38,"column":58}},{"start":{"line":38,"column":62},"end":{"line":38,"column":80}}],"line":38},"7":{"loc":{"start":{"line":47,"column":35},"end":{"line":47,"column":51}},"type":"default-arg","locations":[{"start":{"line":47,"column":46},"end":{"line":47,"column":51}}],"line":47},"8":{"loc":{"start":{"line":48,"column":19},"end":{"line":48,"column":41}},"type":"binary-expr","locations":[{"start":{"line":48,"column":19},"end":{"line":48,"column":36}},{"start":{"line":48,"column":40},"end":{"line":48,"column":41}}],"line":48},"9":{"loc":{"start":{"line":61,"column":2},"end":{"line":61,"column":54}},"type":"if","locations":[{"start":{"line":61,"column":2},"end":{"line":61,"column":54}},{"start":{},"end":{}}],"line":61},"10":{"loc":{"start":{"line":61,"column":6},"end":{"line":61,"column":39}},"type":"binary-expr","locations":[{"start":{"line":61,"column":6},"end":{"line":61,"column":11}},{"start":{"line":61,"column":15},"end":{"line":61,"column":39}}],"line":61},"11":{"loc":{"start":{"line":63,"column":4},"end":{"line":72,"column":21}},"type":"binary-expr","locations":[{"start":{"line":63,"column":4},"end":{"line":63,"column":38}},{"start":{"line":64,"column":4},"end":{"line":64,"column":22}},{"start":{"line":65,"column":4},"end":{"line":65,"column":33}},{"start":{"line":66,"column":4},"end":{"line":66,"column":24}},{"start":{"line":67,"column":4},"end":{"line":67,"column":34}},{"start":{"line":68,"column":4},"end":{"line":68,"column":19}},{"start":{"line":69,"column":4},"end":{"line":69,"column":33}},{"start":{"line":70,"column":4},"end":{"line":70,"column":24}},{"start":{"line":71,"column":4},"end":{"line":71,"column":37}},{"start":{"line":72,"column":4},"end":{"line":72,"column":21}}],"line":63},"12":{"loc":{"start":{"line":82,"column":2},"end":{"line":82,"column":41}},"type":"if","locations":[{"start":{"line":82,"column":2},"end":{"line":82,"column":41}},{"start":{},"end":{}}],"line":82},"13":{"loc":{"start":{"line":92,"column":2},"end":{"line":92,"column":38}},"type":"if","locations":[{"start":{"line":92,"column":2},"end":{"line":92,"column":38}},{"start":{},"end":{}}],"line":92},"14":{"loc":{"start":{"line":104,"column":19},"end":{"line":104,"column":41}},"type":"binary-expr","locations":[{"start":{"line":104,"column":19},"end":{"line":104,"column":36}},{"start":{"line":104,"column":40},"end":{"line":104,"column":41}}],"line":104},"15":{"loc":{"start":{"line":105,"column":22},"end":{"line":105,"column":54}},"type":"binary-expr","locations":[{"start":{"line":105,"column":22},"end":{"line":105,"column":49}},{"start":{"line":105,"column":53},"end":{"line":105,"column":54}}],"line":105},"16":{"loc":{"start":{"line":106,"column":2},"end":{"line":106,"column":60}},"type":"if","locations":[{"start":{"line":106,"column":2},"end":{"line":106,"column":60}},{"start":{},"end":{}}],"line":106},"17":{"loc":{"start":{"line":106,"column":6},"end":{"line":106,"column":42}},"type":"binary-expr","locations":[{"start":{"line":106,"column":6},"end":{"line":106,"column":21}},{"start":{"line":106,"column":25},"end":{"line":106,"column":42}}],"line":106}},"s":{"0":1,"1":3,"2":1,"3":2,"4":2,"5":2,"6":2,"7":1,"8":2,"9":0,"10":2,"11":3,"12":1,"13":2,"14":0,"15":2,"16":3,"17":1,"18":1,"19":1,"20":1,"21":3,"22":1,"23":2,"24":1,"25":3,"26":1,"27":2,"28":1,"29":2,"30":0,"31":2,"32":3,"33":2,"34":1,"35":4,"36":4,"37":4,"38":1,"39":3},"f":{"0":3,"1":2,"2":2,"3":3,"4":2,"5":3,"6":1,"7":3,"8":3,"9":2,"10":3,"11":4},"b":{"0":[1,2],"1":[2,0],"2":[2,0],"3":[0,2],"4":[3,0],"5":[0,2],"6":[3,1],"7":[1],"8":[1,0],"9":[1,2],"10":[3,2],"11":[2,1,1,1,1,1,1,1,1,1],"12":[1,2],"13":[0,2],"14":[4,0],"15":[4,1],"16":[1,3],"17":[4,3]},"_coverageSchema":"1a1c01bbd47fc00a2c39e90264f33305004495a9","hash":"5c2dc5634cdc7b80f2d4b74427464478d77f0fef"}
,"/Users/simondrevensek/Documents/Šola/RIRS/Git aplikacija/frontend/src/utils/validators.js": {"path":"/Users/simondrevensek/Documents/Šola/RIRS/Git aplikacija/frontend/src/utils/validators.js","statementMap":{"0":{"start":{"line":10,"column":28},"end":{"line":14,"column":1}},"1":{"start":{"line":11,"column":2},"end":{"line":11,"column":56}},"2":{"start":{"line":11,"column":43},"end":{"line":11,"column":56}},"3":{"start":{"line":12,"column":21},"end":{"line":12,"column":49}},"4":{"start":{"line":13,"column":2},"end":{"line":13,"column":39}},"5":{"start":{"line":21,"column":32},"end":{"line":32,"column":1}},"6":{"start":{"line":22,"column":2},"end":{"line":24,"column":3}},"7":{"start":{"line":23,"column":4},"end":{"line":23,"column":59}},"8":{"start":{"line":25,"column":2},"end":{"line":27,"column":3}},"9":{"start":{"line":26,"column":4},"end":{"line":26,"column":73}},"10":{"start":{"line":28,"column":2},"end":{"line":30,"column":3}},"11":{"start":{"line":29,"column":4},"end":{"line":29,"column":60}},"12":{"start":{"line":31,"column":2},"end":{"line":31,"column":40}},"13":{"start":{"line":39,"column":27},"end":{"line":43,"column":1}},"14":{"start":{"line":40,"column":2},"end":{"line":40,"column":54}},"15":{"start":{"line":40,"column":41},"end":{"line":40,"column":54}},"16":{"start":{"line":41,"column":18},"end":{"line":41,"column":29}},"17":{"start":{"line":42,"column":2},"end":{"line":42,"column":53}},"18":{"start":{"line":50,"column":33},"end":{"line":54,"column":1}},"19":{"start":{"line":51,"column":2},"end":{"line":51,"column":66}},"20":{"start":{"line":51,"column":53},"end":{"line":51,"column":66}},"21":{"start":{"line":52,"column":22},"end":{"line":52,"column":31}},"22":{"start":{"line":53,"column":2},"end":{"line":53,"column":45}},"23":{"start":{"line":61,"column":30},"end":{"line":65,"column":1}},"24":{"start":{"line":62,"column":2},"end":{"line":62,"column":60}},"25":{"start":{"line":62,"column":47},"end":{"line":62,"column":60}},"26":{"start":{"line":63,"column":18},"end":{"line":63,"column":32}},"27":{"start":{"line":64,"column":2},"end":{"line":64,"column":54}},"28":{"start":{"line":72,"column":27},"end":{"line":76,"column":1}},"29":{"start":{"line":73,"column":2},"end":{"line":73,"column":54}},"30":{"start":{"line":73,"column":41},"end":{"line":73,"column":54}},"31":{"start":{"line":74,"column":18},"end":{"line":74,"column":29}},"32":{"start":{"line":75,"column":2},"end":{"line":75,"column":54}},"33":{"start":{"line":83,"column":31},"end":{"line":87,"column":1}},"34":{"start":{"line":84,"column":18},"end":{"line":84,"column":34}},"35":{"start":{"line":85,"column":2},"end":{"line":85,"column":35}},"36":{"start":{"line":85,"column":22},"end":{"line":85,"column":35}},"37":{"start":{"line":86,"column":2},"end":{"line":86,"column":86}},"38":{"start":{"line":95,"column":31},"end":{"line":99,"column":1}},"39":{"start":{"line":96,"column":22},"end":{"line":96,"column":40}},"40":{"start":{"line":97,"column":2},"end":{"line":97,"column":39}},"41":{"start":{"line":97,"column":26},"end":{"line":97,"column":39}},"42":{"start":{"line":98,"column":2},"end":{"line":98,"column":53}},"43":{"start":{"line":106,"column":29},"end":{"line":109,"column":1}},"44":{"start":{"line":107,"column":2},"end":{"line":107,"column":53}},"45":{"start":{"line":107,"column":43},"end":{"line":107,"column":53}},"46":{"start":{"line":108,"column":2},"end":{"line":108,"column":43}}},"fnMap":{"0":{"name":"(anonymous_0)","decl":{"start":{"line":10,"column":28},"end":{"line":10,"column":29}},"loc":{"start":{"line":10,"column":39},"end":{"line":14,"column":1}},"line":10},"1":{"name":"(anonymous_1)","decl":{"start":{"line":21,"column":32},"end":{"line":21,"column":33}},"loc":{"start":{"line":21,"column":46},"end":{"line":32,"column":1}},"line":21},"2":{"name":"(anonymous_2)","decl":{"start":{"line":39,"column":27},"end":{"line":39,"column":28}},"loc":{"start":{"line":39,"column":37},"end":{"line":43,"column":1}},"line":39},"3":{"name":"(anonymous_3)","decl":{"start":{"line":50,"column":33},"end":{"line":50,"column":34}},"loc":{"start":{"line":50,"column":49},"end":{"line":54,"column":1}},"line":50},"4":{"name":"(anonymous_4)","decl":{"start":{"line":61,"column":30},"end":{"line":61,"column":31}},"loc":{"start":{"line":61,"column":43},"end":{"line":65,"column":1}},"line":61},"5":{"name":"(anonymous_5)","decl":{"start":{"line":72,"column":27},"end":{"line":72,"column":28}},"loc":{"start":{"line":72,"column":37},"end":{"line":76,"column":1}},"line":72},"6":{"name":"(anonymous_6)","decl":{"start":{"line":83,"column":31},"end":{"line":83,"column":32}},"loc":{"start":{"line":83,"column":41},"end":{"line":87,"column":1}},"line":83},"7":{"name":"(anonymous_7)","decl":{"start":{"line":95,"column":31},"end":{"line":95,"column":32}},"loc":{"start":{"line":95,"column":60},"end":{"line":99,"column":1}},"line":95},"8":{"name":"(anonymous_8)","decl":{"start":{"line":106,"column":29},"end":{"line":106,"column":30}},"loc":{"start":{"line":106,"column":40},"end":{"line":109,"column":1}},"line":106}},"branchMap":{"0":{"loc":{"start":{"line":11,"column":2},"end":{"line":11,"column":56}},"type":"if","locations":[{"start":{"line":11,"column":2},"end":{"line":11,"column":56}},{"start":{},"end":{}}],"line":11},"1":{"loc":{"start":{"line":11,"column":6},"end":{"line":11,"column":41}},"type":"binary-expr","locations":[{"start":{"line":11,"column":6},"end":{"line":11,"column":12}},{"start":{"line":11,"column":16},"end":{"line":11,"column":41}}],"line":11},"2":{"loc":{"start":{"line":22,"column":2},"end":{"line":24,"column":3}},"type":"if","locations":[{"start":{"line":22,"column":2},"end":{"line":24,"column":3}},{"start":{},"end":{}}],"line":22},"3":{"loc":{"start":{"line":22,"column":6},"end":{"line":22,"column":47}},"type":"binary-expr","locations":[{"start":{"line":22,"column":6},"end":{"line":22,"column":15}},{"start":{"line":22,"column":19},"end":{"line":22,"column":47}}],"line":22},"4":{"loc":{"start":{"line":25,"column":2},"end":{"line":27,"column":3}},"type":"if","locations":[{"start":{"line":25,"column":2},"end":{"line":27,"column":3}},{"start":{},"end":{}}],"line":25},"5":{"loc":{"start":{"line":28,"column":2},"end":{"line":30,"column":3}},"type":"if","locations":[{"start":{"line":28,"column":2},"end":{"line":30,"column":3}},{"start":{},"end":{}}],"line":28},"6":{"loc":{"start":{"line":40,"column":2},"end":{"line":40,"column":54}},"type":"if","locations":[{"start":{"line":40,"column":2},"end":{"line":40,"column":54}},{"start":{},"end":{}}],"line":40},"7":{"loc":{"start":{"line":40,"column":6},"end":{"line":40,"column":39}},"type":"binary-expr","locations":[{"start":{"line":40,"column":6},"end":{"line":40,"column":11}},{"start":{"line":40,"column":15},"end":{"line":40,"column":39}}],"line":40},"8":{"loc":{"start":{"line":42,"column":9},"end":{"line":42,"column":52}},"type":"binary-expr","locations":[{"start":{"line":42,"column":9},"end":{"line":42,"column":28}},{"start":{"line":42,"column":32},"end":{"line":42,"column":52}}],"line":42},"9":{"loc":{"start":{"line":51,"column":2},"end":{"line":51,"column":66}},"type":"if","locations":[{"start":{"line":51,"column":2},"end":{"line":51,"column":66}},{"start":{},"end":{}}],"line":51},"10":{"loc":{"start":{"line":51,"column":6},"end":{"line":51,"column":51}},"type":"binary-expr","locations":[{"start":{"line":51,"column":6},"end":{"line":51,"column":17}},{"start":{"line":51,"column":21},"end":{"line":51,"column":51}}],"line":51},"11":{"loc":{"start":{"line":62,"column":2},"end":{"line":62,"column":60}},"type":"if","locations":[{"start":{"line":62,"column":2},"end":{"line":62,"column":60}},{"start":{},"end":{}}],"line":62},"12":{"loc":{"start":{"line":62,"column":6},"end":{"line":62,"column":45}},"type":"binary-expr","locations":[{"start":{"line":62,"column":6},"end":{"line":62,"column":14}},{"start":{"line":62,"column":18},"end":{"line":62,"column":45}}],"line":62},"13":{"loc":{"start":{"line":64,"column":9},"end":{"line":64,"column":53}},"type":"binary-expr","locations":[{"start":{"line":64,"column":9},"end":{"line":64,"column":28}},{"start":{"line":64,"column":32},"end":{"line":64,"column":53}}],"line":64},"14":{"loc":{"start":{"line":73,"column":2},"end":{"line":73,"column":54}},"type":"if","locations":[{"start":{"line":73,"column":2},"end":{"line":73,"column":54}},{"start":{},"end":{}}],"line":73},"15":{"loc":{"start":{"line":73,"column":6},"end":{"line":73,"column":39}},"type":"binary-expr","locations":[{"start":{"line":73,"column":6},"end":{"line":73,"column":11}},{"start":{"line":73,"column":15},"end":{"line":73,"column":39}}],"line":73},"16":{"loc":{"start":{"line":75,"column":9},"end":{"line":75,"column":53}},"type":"binary-expr","locations":[{"start":{"line":75,"column":9},"end":{"line":75,"column":28}},{"start":{"line":75,"column":32},"end":{"line":75,"column":53}}],"line":75},"17":{"loc":{"start":{"line":85,"column":2},"end":{"line":85,"column":35}},"type":"if","locations":[{"start":{"line":85,"column":2},"end":{"line":85,"column":35}},{"start":{},"end":{}}],"line":85},"18":{"loc":{"start":{"line":86,"column":9},"end":{"line":86,"column":85}},"type":"binary-expr","locations":[{"start":{"line":86,"column":9},"end":{"line":86,"column":22}},{"start":{"line":86,"column":26},"end":{"line":86,"column":39}},{"start":{"line":86,"column":44},"end":{"line":86,"column":63}},{"start":{"line":86,"column":67},"end":{"line":86,"column":84}}],"line":86},"19":{"loc":{"start":{"line":95,"column":42},"end":{"line":95,"column":55}},"type":"default-arg","locations":[{"start":{"line":95,"column":53},"end":{"line":95,"column":55}}],"line":95},"20":{"loc":{"start":{"line":97,"column":2},"end":{"line":97,"column":39}},"type":"if","locations":[{"start":{"line":97,"column":2},"end":{"line":97,"column":39}},{"start":{},"end":{}}],"line":97},"21":{"loc":{"start":{"line":98,"column":9},"end":{"line":98,"column":52}},"type":"binary-expr","locations":[{"start":{"line":98,"column":9},"end":{"line":98,"column":25}},{"start":{"line":98,"column":29},"end":{"line":98,"column":52}}],"line":98},"22":{"loc":{"start":{"line":107,"column":2},"end":{"line":107,"column":53}},"type":"if","locations":[{"start":{"line":107,"column":2},"end":{"line":107,"column":53}},{"start":{},"end":{}}],"line":107},"23":{"loc":{"start":{"line":107,"column":6},"end":{"line":107,"column":41}},"type":"binary-expr","locations":[{"start":{"line":107,"column":6},"end":{"line":107,"column":12}},{"start":{"line":107,"column":16},"end":{"line":107,"column":41}}],"line":107}},"s":{"0":1,"1":4,"2":2,"3":2,"4":2,"5":1,"6":4,"7":2,"8":2,"9":1,"10":1,"11":0,"12":1,"13":1,"14":0,"15":0,"16":0,"17":0,"18":1,"19":0,"20":0,"21":0,"22":0,"23":1,"24":0,"25":0,"26":0,"27":0,"28":1,"29":0,"30":0,"31":0,"32":0,"33":1,"34":0,"35":0,"36":0,"37":0,"38":1,"39":0,"40":0,"41":0,"42":0,"43":1,"44":0,"45":0,"46":0},"f":{"0":4,"1":4,"2":0,"3":0,"4":0,"5":0,"6":0,"7":0,"8":0},"b":{"0":[2,2],"1":[4,2],"2":[2,2],"3":[4,2],"4":[1,1],"5":[0,1],"6":[0,0],"7":[0,0],"8":[0,0],"9":[0,0],"10":[0,0],"11":[0,0],"12":[0,0],"13":[0,0],"14":[0,0],"15":[0,0],"16":[0,0],"17":[0,0],"18":[0,0,0,0],"19":[0],"20":[0,0],"21":[0,0],"22":[0,0],"23":[0,0]},"_coverageSchema":"1a1c01bbd47fc00a2c39e90264f33305004495a9","hash":"d2a1993ae51b6367072fc3cbf7bc09db5e2faf95"}
}
