{"/Users/simondrevensek/Documents/Šola/RIRS/Git aplikacija/backend/utils/helpers.js": {"path":"/Users/simondrevensek/Documents/Šola/RIRS/Git aplikacija/backend/utils/helpers.js","statementMap":{"0":{"start":{"line":10,"column":28},"end":{"line":17,"column":1}},"1":{"start":{"line":11,"column":2},"end":{"line":11,"column":38}},"2":{"start":{"line":11,"column":29},"end":{"line":11,"column":38}},"3":{"start":{"line":12,"column":2},"end":{"line":16,"column":8}},"4":{"start":{"line":13,"column":18},"end":{"line":13,"column":45}},"5":{"start":{"line":14,"column":21},"end":{"line":14,"column":49}},"6":{"start":{"line":15,"column":4},"end":{"line":15,"column":34}},"7":{"start":{"line":24,"column":19},"end":{"line":29,"column":1}},"8":{"start":{"line":25,"column":2},"end":{"line":27,"column":3}},"9":{"start":{"line":26,"column":4},"end":{"line":26,"column":36}},"10":{"start":{"line":28,"column":2},"end":{"line":28,"column":28}},"11":{"start":{"line":36,"column":31},"end":{"line":41,"column":1}},"12":{"start":{"line":37,"column":13},"end":{"line":37,"column":30}},"13":{"start":{"line":38,"column":2},"end":{"line":38,"column":40}},"14":{"start":{"line":38,"column":28},"end":{"line":38,"column":40}},"15":{"start":{"line":39,"column":20},"end":{"line":39,"column":57}},"16":{"start":{"line":40,"column":2},"end":{"line":40,"column":62}},"17":{"start":{"line":50,"column":17},"end":{"line":69,"column":1}},"18":{"start":{"line":51,"column":2},"end":{"line":53,"column":3}},"19":{"start":{"line":52,"column":4},"end":{"line":52,"column":65}},"20":{"start":{"line":55,"column":18},"end":{"line":55,"column":50}},"21":{"start":{"line":56,"column":19},"end":{"line":56,"column":68}},"22":{"start":{"line":57,"column":16},"end":{"line":57,"column":28}},"23":{"start":{"line":58,"column":21},"end":{"line":58,"column":48}},"24":{"start":{"line":59,"column":21},"end":{"line":59,"column":45}},"25":{"start":{"line":60,"column":15},"end":{"line":60,"column":61}},"26":{"start":{"line":62,"column":2},"end":{"line":68,"column":4}},"27":{"start":{"line":76,"column":22},"end":{"line":79,"column":1}},"28":{"start":{"line":77,"column":2},"end":{"line":77,"column":53}},"29":{"start":{"line":77,"column":43},"end":{"line":77,"column":53}},"30":{"start":{"line":78,"column":2},"end":{"line":78,"column":45}},"31":{"start":{"line":87,"column":25},"end":{"line":92,"column":1}},"32":{"start":{"line":88,"column":14},"end":{"line":88,"column":33}},"33":{"start":{"line":89,"column":16},"end":{"line":89,"column":35}},"34":{"start":{"line":90,"column":2},"end":{"line":90,"column":47}},"35":{"start":{"line":90,"column":34},"end":{"line":90,"column":47}},"36":{"start":{"line":91,"column":2},"end":{"line":91,"column":33}},"37":{"start":{"line":101,"column":26},"end":{"line":106,"column":1}},"38":{"start":{"line":102,"column":16},"end":{"line":102,"column":43}},"39":{"start":{"line":103,"column":20},"end":{"line":103,"column":60}},"40":{"start":{"line":104,"column":15},"end":{"line":104,"column":44}},"41":{"start":{"line":105,"column":2},"end":{"line":105,"column":39}},"42":{"start":{"line":113,"column":24},"end":{"line":132,"column":1}},"43":{"start":{"line":114,"column":17},"end":{"line":114,"column":19}},"44":{"start":{"line":116,"column":2},"end":{"line":118,"column":3}},"45":{"start":{"line":117,"column":4},"end":{"line":117,"column":64}},"46":{"start":{"line":120,"column":2},"end":{"line":122,"column":3}},"47":{"start":{"line":121,"column":4},"end":{"line":121,"column":54}},"48":{"start":{"line":124,"column":2},"end":{"line":126,"column":3}},"49":{"start":{"line":125,"column":4},"end":{"line":125,"column":51}},"50":{"start":{"line":128,"column":2},"end":{"line":131,"column":4}},"51":{"start":{"line":134,"column":0},"end":{"line":143,"column":2}}},"fnMap":{"0":{"name":"(anonymous_0)","decl":{"start":{"line":10,"column":28},"end":{"line":10,"column":29}},"loc":{"start":{"line":10,"column":39},"end":{"line":17,"column":1}},"line":10},"1":{"name":"(anonymous_1)","decl":{"start":{"line":12,"column":22},"end":{"line":12,"column":23}},"loc":{"start":{"line":12,"column":37},"end":{"line":16,"column":3}},"line":12},"2":{"name":"(anonymous_2)","decl":{"start":{"line":24,"column":19},"end":{"line":24,"column":20}},"loc":{"start":{"line":24,"column":29},"end":{"line":29,"column":1}},"line":24},"3":{"name":"(anonymous_3)","decl":{"start":{"line":36,"column":31},"end":{"line":36,"column":32}},"loc":{"start":{"line":36,"column":44},"end":{"line":41,"column":1}},"line":36},"4":{"name":"(anonymous_4)","decl":{"start":{"line":50,"column":17},"end":{"line":50,"column":18}},"loc":{"start":{"line":50,"column":50},"end":{"line":69,"column":1}},"line":50},"5":{"name":"(anonymous_5)","decl":{"start":{"line":76,"column":22},"end":{"line":76,"column":23}},"loc":{"start":{"line":76,"column":33},"end":{"line":79,"column":1}},"line":76},"6":{"name":"(anonymous_6)","decl":{"start":{"line":87,"column":25},"end":{"line":87,"column":26}},"loc":{"start":{"line":87,"column":51},"end":{"line":92,"column":1}},"line":87},"7":{"name":"(anonymous_7)","decl":{"start":{"line":101,"column":26},"end":{"line":101,"column":27}},"loc":{"start":{"line":101,"column":89},"end":{"line":106,"column":1}},"line":101},"8":{"name":"(anonymous_8)","decl":{"start":{"line":113,"column":24},"end":{"line":113,"column":25}},"loc":{"start":{"line":113,"column":37},"end":{"line":132,"column":1}},"line":113}},"branchMap":{"0":{"loc":{"start":{"line":11,"column":2},"end":{"line":11,"column":38}},"type":"if","locations":[{"start":{"line":11,"column":2},"end":{"line":11,"column":38}},{"start":{},"end":{}}],"line":11},"1":{"loc":{"start":{"line":13,"column":18},"end":{"line":13,"column":45}},"type":"binary-expr","locations":[{"start":{"line":13,"column":18},"end":{"line":13,"column":40}},{"start":{"line":13,"column":44},"end":{"line":13,"column":45}}],"line":13},"2":{"loc":{"start":{"line":14,"column":21},"end":{"line":14,"column":49}},"type":"binary-expr","locations":[{"start":{"line":14,"column":21},"end":{"line":14,"column":44}},{"start":{"line":14,"column":48},"end":{"line":14,"column":49}}],"line":14},"3":{"loc":{"start":{"line":25,"column":2},"end":{"line":27,"column":3}},"type":"if","locations":[{"start":{"line":25,"column":2},"end":{"line":27,"column":3}},{"start":{},"end":{}}],"line":25},"4":{"loc":{"start":{"line":25,"column":6},"end":{"line":25,"column":44}},"type":"binary-expr","locations":[{"start":{"line":25,"column":6},"end":{"line":25,"column":29}},{"start":{"line":25,"column":33},"end":{"line":25,"column":44}}],"line":25},"5":{"loc":{"start":{"line":38,"column":2},"end":{"line":38,"column":40}},"type":"if","locations":[{"start":{"line":38,"column":2},"end":{"line":38,"column":40}},{"start":{},"end":{}}],"line":38},"6":{"loc":{"start":{"line":38,"column":6},"end":{"line":38,"column":26}},"type":"binary-expr","locations":[{"start":{"line":38,"column":6},"end":{"line":38,"column":15}},{"start":{"line":38,"column":19},"end":{"line":38,"column":26}}],"line":38},"7":{"loc":{"start":{"line":50,"column":25},"end":{"line":50,"column":33}},"type":"default-arg","locations":[{"start":{"line":50,"column":32},"end":{"line":50,"column":33}}],"line":50},"8":{"loc":{"start":{"line":50,"column":35},"end":{"line":50,"column":45}},"type":"default-arg","locations":[{"start":{"line":50,"column":43},"end":{"line":50,"column":45}}],"line":50},"9":{"loc":{"start":{"line":51,"column":2},"end":{"line":53,"column":3}},"type":"if","locations":[{"start":{"line":51,"column":2},"end":{"line":53,"column":3}},{"start":{},"end":{}}],"line":51},"10":{"loc":{"start":{"line":55,"column":30},"end":{"line":55,"column":49}},"type":"binary-expr","locations":[{"start":{"line":55,"column":30},"end":{"line":55,"column":44}},{"start":{"line":55,"column":48},"end":{"line":55,"column":49}}],"line":55},"11":{"loc":{"start":{"line":56,"column":45},"end":{"line":56,"column":66}},"type":"binary-expr","locations":[{"start":{"line":56,"column":45},"end":{"line":56,"column":60}},{"start":{"line":56,"column":64},"end":{"line":56,"column":66}}],"line":56},"12":{"loc":{"start":{"line":77,"column":2},"end":{"line":77,"column":53}},"type":"if","locations":[{"start":{"line":77,"column":2},"end":{"line":77,"column":53}},{"start":{},"end":{}}],"line":77},"13":{"loc":{"start":{"line":77,"column":6},"end":{"line":77,"column":41}},"type":"binary-expr","locations":[{"start":{"line":77,"column":6},"end":{"line":77,"column":12}},{"start":{"line":77,"column":16},"end":{"line":77,"column":41}}],"line":77},"14":{"loc":{"start":{"line":90,"column":2},"end":{"line":90,"column":47}},"type":"if","locations":[{"start":{"line":90,"column":2},"end":{"line":90,"column":47}},{"start":{},"end":{}}],"line":90},"15":{"loc":{"start":{"line":90,"column":6},"end":{"line":90,"column":32}},"type":"binary-expr","locations":[{"start":{"line":90,"column":6},"end":{"line":90,"column":16}},{"start":{"line":90,"column":20},"end":{"line":90,"column":32}}],"line":90},"16":{"loc":{"start":{"line":91,"column":9},"end":{"line":91,"column":32}},"type":"binary-expr","locations":[{"start":{"line":91,"column":9},"end":{"line":91,"column":16}},{"start":{"line":91,"column":20},"end":{"line":91,"column":32}}],"line":91},"17":{"loc":{"start":{"line":101,"column":39},"end":{"line":101,"column":66}},"type":"default-arg","locations":[{"start":{"line":101,"column":63},"end":{"line":101,"column":66}}],"line":101},"18":{"loc":{"start":{"line":101,"column":68},"end":{"line":101,"column":84}},"type":"default-arg","locations":[{"start":{"line":101,"column":83},"end":{"line":101,"column":84}}],"line":101},"19":{"loc":{"start":{"line":102,"column":16},"end":{"line":102,"column":43}},"type":"binary-expr","locations":[{"start":{"line":102,"column":16},"end":{"line":102,"column":38}},{"start":{"line":102,"column":42},"end":{"line":102,"column":43}}],"line":102},"20":{"loc":{"start":{"line":103,"column":20},"end":{"line":103,"column":60}},"type":"binary-expr","locations":[{"start":{"line":103,"column":20},"end":{"line":103,"column":53}},{"start":{"line":103,"column":57},"end":{"line":103,"column":60}}],"line":103},"21":{"loc":{"start":{"line":104,"column":15},"end":{"line":104,"column":44}},"type":"binary-expr","locations":[{"start":{"line":104,"column":15},"end":{"line":104,"column":39}},{"start":{"line":104,"column":43},"end":{"line":104,"column":44}}],"line":104},"22":{"loc":{"start":{"line":105,"column":9},"end":{"line":105,"column":38}},"type":"cond-expr","locations":[{"start":{"line":105,"column":30},"end":{"line":105,"column":31}},{"start":{"line":105,"column":34},"end":{"line":105,"column":38}}],"line":105},"23":{"loc":{"start":{"line":116,"column":2},"end":{"line":118,"column":3}},"type":"if","locations":[{"start":{"line":116,"column":2},"end":{"line":118,"column":3}},{"start":{},"end":{}}],"line":116},"24":{"loc":{"start":{"line":116,"column":6},"end":{"line":116,"column":45}},"type":"binary-expr","locations":[{"start":{"line":116,"column":6},"end":{"line":116,"column":14}},{"start":{"line":116,"column":18},"end":{"line":116,"column":45}}],"line":116},"25":{"loc":{"start":{"line":120,"column":2},"end":{"line":122,"column":3}},"type":"if","locations":[{"start":{"line":120,"column":2},"end":{"line":122,"column":3}},{"start":{},"end":{}}],"line":120},"26":{"loc":{"start":{"line":120,"column":6},"end":{"line":120,"column":89}},"type":"binary-expr","locations":[{"start":{"line":120,"column":6},"end":{"line":120,"column":19}},{"start":{"line":120,"column":23},"end":{"line":120,"column":55}},{"start":{"line":120,"column":59},"end":{"line":120,"column":89}}],"line":120},"27":{"loc":{"start":{"line":124,"column":2},"end":{"line":126,"column":3}},"type":"if","locations":[{"start":{"line":124,"column":2},"end":{"line":126,"column":3}},{"start":{},"end":{}}],"line":124},"28":{"loc":{"start":{"line":124,"column":6},"end":{"line":124,"column":60}},"type":"binary-expr","locations":[{"start":{"line":124,"column":6},"end":{"line":124,"column":39}},{"start":{"line":124,"column":43},"end":{"line":124,"column":60}}],"line":124}},"s":{"0":1,"1":3,"2":1,"3":2,"4":2,"5":2,"6":2,"7":1,"8":2,"9":1,"10":1,"11":1,"12":3,"13":3,"14":2,"15":1,"16":1,"17":1,"18":2,"19":0,"20":2,"21":2,"22":2,"23":2,"24":2,"25":2,"26":2,"27":1,"28":3,"29":1,"30":2,"31":1,"32":3,"33":3,"34":3,"35":0,"36":3,"37":1,"38":3,"39":3,"40":3,"41":3,"42":1,"43":3,"44":3,"45":1,"46":2,"47":1,"48":2,"49":1,"50":2,"51":1},"f":{"0":3,"1":2,"2":2,"3":3,"4":2,"5":3,"6":3,"7":3,"8":3},"b":{"0":[1,2],"1":[2,0],"2":[2,0],"3":[1,1],"4":[2,1],"5":[2,1],"6":[3,3],"7":[0],"8":[0],"9":[0,2],"10":[2,0],"11":[2,0],"12":[1,2],"13":[3,2],"14":[0,3],"15":[3,3],"16":[3,2],"17":[1],"18":[1],"19":[3,0],"20":[3,0],"21":[3,0],"22":[1,2],"23":[1,2],"24":[3,2],"25":[1,1],"26":[2,2,2],"27":[1,1],"28":[2,2]},"_coverageSchema":"1a1c01bbd47fc00a2c39e90264f33305004495a9","hash":"cfc95735f14c276c0d8d17bed30be4d6026da97b"}
,"/Users/simondrevensek/Documents/Šola/RIRS/Git aplikacija/backend/utils/validators.js": {"path":"/Users/simondrevensek/Documents/Šola/RIRS/Git aplikacija/backend/utils/validators.js","statementMap":{"0":{"start":{"line":10,"column":21},"end":{"line":14,"column":1}},"1":{"start":{"line":11,"column":2},"end":{"line":11,"column":56}},"2":{"start":{"line":11,"column":43},"end":{"line":11,"column":56}},"3":{"start":{"line":12,"column":21},"end":{"line":12,"column":49}},"4":{"start":{"line":13,"column":2},"end":{"line":13,"column":39}},"5":{"start":{"line":21,"column":25},"end":{"line":32,"column":1}},"6":{"start":{"line":22,"column":2},"end":{"line":24,"column":3}},"7":{"start":{"line":23,"column":4},"end":{"line":23,"column":63}},"8":{"start":{"line":25,"column":2},"end":{"line":27,"column":3}},"9":{"start":{"line":26,"column":4},"end":{"line":26,"column":81}},"10":{"start":{"line":28,"column":2},"end":{"line":30,"column":3}},"11":{"start":{"line":29,"column":4},"end":{"line":29,"column":63}},"12":{"start":{"line":31,"column":2},"end":{"line":31,"column":40}},"13":{"start":{"line":39,"column":33},"end":{"line":67,"column":1}},"14":{"start":{"line":40,"column":17},"end":{"line":40,"column":19}},"15":{"start":{"line":42,"column":2},"end":{"line":44,"column":3}},"16":{"start":{"line":43,"column":4},"end":{"line":43,"column":61}},"17":{"start":{"line":46,"column":2},"end":{"line":48,"column":3}},"18":{"start":{"line":47,"column":4},"end":{"line":47,"column":40}},"19":{"start":{"line":50,"column":29},"end":{"line":50,"column":64}},"20":{"start":{"line":51,"column":2},"end":{"line":53,"column":3}},"21":{"start":{"line":52,"column":4},"end":{"line":52,"column":44}},"22":{"start":{"line":55,"column":2},"end":{"line":57,"column":3}},"23":{"start":{"line":56,"column":4},"end":{"line":56,"column":60}},"24":{"start":{"line":59,"column":2},"end":{"line":61,"column":3}},"25":{"start":{"line":60,"column":4},"end":{"line":60,"column":59}},"26":{"start":{"line":63,"column":2},"end":{"line":66,"column":4}},"27":{"start":{"line":74,"column":26},"end":{"line":101,"column":1}},"28":{"start":{"line":75,"column":17},"end":{"line":75,"column":19}},"29":{"start":{"line":77,"column":2},"end":{"line":79,"column":3}},"30":{"start":{"line":78,"column":4},"end":{"line":78,"column":62}},"31":{"start":{"line":81,"column":2},"end":{"line":83,"column":3}},"32":{"start":{"line":82,"column":4},"end":{"line":82,"column":56}},"33":{"start":{"line":85,"column":2},"end":{"line":87,"column":3}},"34":{"start":{"line":86,"column":4},"end":{"line":86,"column":54}},"35":{"start":{"line":89,"column":2},"end":{"line":91,"column":3}},"36":{"start":{"line":90,"column":4},"end":{"line":90,"column":51}},"37":{"start":{"line":93,"column":2},"end":{"line":95,"column":3}},"38":{"start":{"line":94,"column":4},"end":{"line":94,"column":60}},"39":{"start":{"line":97,"column":2},"end":{"line":100,"column":4}},"40":{"start":{"line":108,"column":18},"end":{"line":111,"column":1}},"41":{"start":{"line":109,"column":16},"end":{"line":109,"column":28}},"42":{"start":{"line":110,"column":2},"end":{"line":110,"column":36}},"43":{"start":{"line":118,"column":24},"end":{"line":122,"column":1}},"44":{"start":{"line":119,"column":18},"end":{"line":119,"column":34}},"45":{"start":{"line":120,"column":2},"end":{"line":120,"column":35}},"46":{"start":{"line":120,"column":22},"end":{"line":120,"column":35}},"47":{"start":{"line":121,"column":2},"end":{"line":121,"column":40}},"48":{"start":{"line":129,"column":24},"end":{"line":132,"column":1}},"49":{"start":{"line":130,"column":14},"end":{"line":130,"column":32}},"50":{"start":{"line":131,"column":2},"end":{"line":131,"column":46}},"51":{"start":{"line":134,"column":0},"end":{"line":142,"column":2}}},"fnMap":{"0":{"name":"(anonymous_0)","decl":{"start":{"line":10,"column":21},"end":{"line":10,"column":22}},"loc":{"start":{"line":10,"column":32},"end":{"line":14,"column":1}},"line":10},"1":{"name":"(anonymous_1)","decl":{"start":{"line":21,"column":25},"end":{"line":21,"column":26}},"loc":{"start":{"line":21,"column":39},"end":{"line":32,"column":1}},"line":21},"2":{"name":"(anonymous_2)","decl":{"start":{"line":39,"column":33},"end":{"line":39,"column":34}},"loc":{"start":{"line":39,"column":47},"end":{"line":67,"column":1}},"line":39},"3":{"name":"(anonymous_3)","decl":{"start":{"line":74,"column":26},"end":{"line":74,"column":27}},"loc":{"start":{"line":74,"column":41},"end":{"line":101,"column":1}},"line":74},"4":{"name":"(anonymous_4)","decl":{"start":{"line":108,"column":18},"end":{"line":108,"column":19}},"loc":{"start":{"line":108,"column":26},"end":{"line":111,"column":1}},"line":108},"5":{"name":"(anonymous_5)","decl":{"start":{"line":118,"column":24},"end":{"line":118,"column":25}},"loc":{"start":{"line":118,"column":34},"end":{"line":122,"column":1}},"line":118},"6":{"name":"(anonymous_6)","decl":{"start":{"line":129,"column":24},"end":{"line":129,"column":25}},"loc":{"start":{"line":129,"column":38},"end":{"line":132,"column":1}},"line":129}},"branchMap":{"0":{"loc":{"start":{"line":11,"column":2},"end":{"line":11,"column":56}},"type":"if","locations":[{"start":{"line":11,"column":2},"end":{"line":11,"column":56}},{"start":{},"end":{}}],"line":11},"1":{"loc":{"start":{"line":11,"column":6},"end":{"line":11,"column":41}},"type":"binary-expr","locations":[{"start":{"line":11,"column":6},"end":{"line":11,"column":12}},{"start":{"line":11,"column":16},"end":{"line":11,"column":41}}],"line":11},"2":{"loc":{"start":{"line":22,"column":2},"end":{"line":24,"column":3}},"type":"if","locations":[{"start":{"line":22,"column":2},"end":{"line":24,"column":3}},{"start":{},"end":{}}],"line":22},"3":{"loc":{"start":{"line":22,"column":6},"end":{"line":22,"column":47}},"type":"binary-expr","locations":[{"start":{"line":22,"column":6},"end":{"line":22,"column":15}},{"start":{"line":22,"column":19},"end":{"line":22,"column":47}}],"line":22},"4":{"loc":{"start":{"line":25,"column":2},"end":{"line":27,"column":3}},"type":"if","locations":[{"start":{"line":25,"column":2},"end":{"line":27,"column":3}},{"start":{},"end":{}}],"line":25},"5":{"loc":{"start":{"line":28,"column":2},"end":{"line":30,"column":3}},"type":"if","locations":[{"start":{"line":28,"column":2},"end":{"line":30,"column":3}},{"start":{},"end":{}}],"line":28},"6":{"loc":{"start":{"line":42,"column":2},"end":{"line":44,"column":3}},"type":"if","locations":[{"start":{"line":42,"column":2},"end":{"line":44,"column":3}},{"start":{},"end":{}}],"line":42},"7":{"loc":{"start":{"line":42,"column":6},"end":{"line":42,"column":47}},"type":"binary-expr","locations":[{"start":{"line":42,"column":6},"end":{"line":42,"column":15}},{"start":{"line":42,"column":19},"end":{"line":42,"column":47}}],"line":42},"8":{"loc":{"start":{"line":46,"column":2},"end":{"line":48,"column":3}},"type":"if","locations":[{"start":{"line":46,"column":2},"end":{"line":48,"column":3}},{"start":{},"end":{}}],"line":46},"9":{"loc":{"start":{"line":51,"column":2},"end":{"line":53,"column":3}},"type":"if","locations":[{"start":{"line":51,"column":2},"end":{"line":53,"column":3}},{"start":{},"end":{}}],"line":51},"10":{"loc":{"start":{"line":55,"column":2},"end":{"line":57,"column":3}},"type":"if","locations":[{"start":{"line":55,"column":2},"end":{"line":57,"column":3}},{"start":{},"end":{}}],"line":55},"11":{"loc":{"start":{"line":55,"column":6},"end":{"line":55,"column":65}},"type":"binary-expr","locations":[{"start":{"line":55,"column":6},"end":{"line":55,"column":25}},{"start":{"line":55,"column":29},"end":{"line":55,"column":65}}],"line":55},"12":{"loc":{"start":{"line":59,"column":2},"end":{"line":61,"column":3}},"type":"if","locations":[{"start":{"line":59,"column":2},"end":{"line":61,"column":3}},{"start":{},"end":{}}],"line":59},"13":{"loc":{"start":{"line":59,"column":6},"end":{"line":59,"column":63}},"type":"binary-expr","locations":[{"start":{"line":59,"column":6},"end":{"line":59,"column":24}},{"start":{"line":59,"column":28},"end":{"line":59,"column":63}}],"line":59},"14":{"loc":{"start":{"line":77,"column":2},"end":{"line":79,"column":3}},"type":"if","locations":[{"start":{"line":77,"column":2},"end":{"line":79,"column":3}},{"start":{},"end":{}}],"line":77},"15":{"loc":{"start":{"line":77,"column":6},"end":{"line":77,"column":49}},"type":"binary-expr","locations":[{"start":{"line":77,"column":6},"end":{"line":77,"column":16}},{"start":{"line":77,"column":20},"end":{"line":77,"column":49}}],"line":77},"16":{"loc":{"start":{"line":81,"column":2},"end":{"line":83,"column":3}},"type":"if","locations":[{"start":{"line":81,"column":2},"end":{"line":83,"column":3}},{"start":{},"end":{}}],"line":81},"17":{"loc":{"start":{"line":81,"column":6},"end":{"line":81,"column":69}},"type":"binary-expr","locations":[{"start":{"line":81,"column":6},"end":{"line":81,"column":37}},{"start":{"line":81,"column":41},"end":{"line":81,"column":69}}],"line":81},"18":{"loc":{"start":{"line":85,"column":2},"end":{"line":87,"column":3}},"type":"if","locations":[{"start":{"line":85,"column":2},"end":{"line":87,"column":3}},{"start":{},"end":{}}],"line":85},"19":{"loc":{"start":{"line":85,"column":6},"end":{"line":85,"column":79}},"type":"binary-expr","locations":[{"start":{"line":85,"column":6},"end":{"line":85,"column":32}},{"start":{"line":85,"column":36},"end":{"line":85,"column":79}}],"line":85},"20":{"loc":{"start":{"line":89,"column":2},"end":{"line":91,"column":3}},"type":"if","locations":[{"start":{"line":89,"column":2},"end":{"line":91,"column":3}},{"start":{},"end":{}}],"line":89},"21":{"loc":{"start":{"line":89,"column":6},"end":{"line":89,"column":73}},"type":"binary-expr","locations":[{"start":{"line":89,"column":6},"end":{"line":89,"column":29}},{"start":{"line":89,"column":33},"end":{"line":89,"column":73}}],"line":89},"22":{"loc":{"start":{"line":93,"column":2},"end":{"line":95,"column":3}},"type":"if","locations":[{"start":{"line":93,"column":2},"end":{"line":95,"column":3}},{"start":{},"end":{}}],"line":93},"23":{"loc":{"start":{"line":93,"column":6},"end":{"line":93,"column":84}},"type":"binary-expr","locations":[{"start":{"line":93,"column":6},"end":{"line":93,"column":35}},{"start":{"line":93,"column":39},"end":{"line":93,"column":84}}],"line":93},"24":{"loc":{"start":{"line":110,"column":9},"end":{"line":110,"column":35}},"type":"binary-expr","locations":[{"start":{"line":110,"column":9},"end":{"line":110,"column":22}},{"start":{"line":110,"column":26},"end":{"line":110,"column":35}}],"line":110},"25":{"loc":{"start":{"line":120,"column":2},"end":{"line":120,"column":35}},"type":"if","locations":[{"start":{"line":120,"column":2},"end":{"line":120,"column":35}},{"start":{},"end":{}}],"line":120},"26":{"loc":{"start":{"line":121,"column":9},"end":{"line":121,"column":39}},"type":"binary-expr","locations":[{"start":{"line":121,"column":9},"end":{"line":121,"column":22}},{"start":{"line":121,"column":26},"end":{"line":121,"column":39}}],"line":121},"27":{"loc":{"start":{"line":131,"column":9},"end":{"line":131,"column":45}},"type":"binary-expr","locations":[{"start":{"line":131,"column":9},"end":{"line":131,"column":20}},{"start":{"line":131,"column":24},"end":{"line":131,"column":32}},{"start":{"line":131,"column":36},"end":{"line":131,"column":45}}],"line":131}},"s":{"0":1,"1":6,"2":2,"3":4,"4":4,"5":1,"6":2,"7":0,"8":2,"9":1,"10":1,"11":0,"12":1,"13":1,"14":3,"15":3,"16":1,"17":2,"18":1,"19":2,"20":2,"21":1,"22":2,"23":1,"24":2,"25":1,"26":2,"27":1,"28":0,"29":0,"30":0,"31":0,"32":0,"33":0,"34":0,"35":0,"36":0,"37":0,"38":0,"39":0,"40":1,"41":0,"42":0,"43":1,"44":0,"45":0,"46":0,"47":0,"48":1,"49":0,"50":0,"51":1},"f":{"0":6,"1":2,"2":3,"3":0,"4":0,"5":0,"6":0},"b":{"0":[2,4],"1":[6,4],"2":[0,2],"3":[2,2],"4":[1,1],"5":[0,1],"6":[1,2],"7":[3,2],"8":[1,1],"9":[1,1],"10":[1,1],"11":[2,2],"12":[1,1],"13":[2,1],"14":[0,0],"15":[0,0],"16":[0,0],"17":[0,0],"18":[0,0],"19":[0,0],"20":[0,0],"21":[0,0],"22":[0,0],"23":[0,0],"24":[0,0],"25":[0,0],"26":[0,0],"27":[0,0,0]},"_coverageSchema":"1a1c01bbd47fc00a2c39e90264f33305004495a9","hash":"697986ab6f489deb29a453acb8eeac31b19b1771"}
}
