TN:
SF:utils/helpers.js
FN:10,(anonymous_0)
FN:12,(anonymous_1)
FN:24,(anonymous_2)
FN:36,(anonymous_3)
FN:50,(anonymous_4)
FN:76,(anonymous_5)
FN:87,(anonymous_6)
FN:101,(anonymous_7)
FN:113,(anonymous_8)
FNF:9
FNH:9
FNDA:3,(anonymous_0)
FNDA:2,(anonymous_1)
FNDA:2,(anonymous_2)
FNDA:3,(anonymous_3)
FNDA:2,(anonymous_4)
FNDA:3,(anonymous_5)
FNDA:3,(anonymous_6)
FNDA:3,(anonymous_7)
FNDA:3,(anonymous_8)
DA:10,1
DA:11,3
DA:12,2
DA:13,2
DA:14,2
DA:15,2
DA:24,1
DA:25,2
DA:26,1
DA:28,1
DA:36,1
DA:37,3
DA:38,3
DA:39,1
DA:40,1
DA:50,1
DA:51,2
DA:52,0
DA:55,2
DA:56,2
DA:57,2
DA:58,2
DA:59,2
DA:60,2
DA:62,2
DA:76,1
DA:77,3
DA:78,2
DA:87,1
DA:88,3
DA:89,3
DA:90,3
DA:91,3
DA:101,1
DA:102,3
DA:103,3
DA:104,3
DA:105,3
DA:113,1
DA:114,3
DA:116,3
DA:117,1
DA:120,2
DA:121,1
DA:124,2
DA:125,1
DA:128,2
DA:134,1
LF:48
LH:47
BRDA:11,0,0,1
BRDA:11,0,1,2
BRDA:13,1,0,2
BRDA:13,1,1,0
BRDA:14,2,0,2
BRDA:14,2,1,0
BRDA:25,3,0,1
BRDA:25,3,1,1
BRDA:25,4,0,2
BRDA:25,4,1,1
BRDA:38,5,0,2
BRDA:38,5,1,1
BRDA:38,6,0,3
BRDA:38,6,1,3
BRDA:50,7,0,0
BRDA:50,8,0,0
BRDA:51,9,0,0
BRDA:51,9,1,2
BRDA:55,10,0,2
BRDA:55,10,1,0
BRDA:56,11,0,2
BRDA:56,11,1,0
BRDA:77,12,0,1
BRDA:77,12,1,2
BRDA:77,13,0,3
BRDA:77,13,1,2
BRDA:90,14,0,0
BRDA:90,14,1,3
BRDA:90,15,0,3
BRDA:90,15,1,3
BRDA:91,16,0,3
BRDA:91,16,1,2
BRDA:101,17,0,1
BRDA:101,18,0,1
BRDA:102,19,0,3
BRDA:102,19,1,0
BRDA:103,20,0,3
BRDA:103,20,1,0
BRDA:104,21,0,3
BRDA:104,21,1,0
BRDA:105,22,0,1
BRDA:105,22,1,2
BRDA:116,23,0,1
BRDA:116,23,1,2
BRDA:116,24,0,3
BRDA:116,24,1,2
BRDA:120,25,0,1
BRDA:120,25,1,1
BRDA:120,26,0,2
BRDA:120,26,1,2
BRDA:120,26,2,2
BRDA:124,27,0,1
BRDA:124,27,1,1
BRDA:124,28,0,2
BRDA:124,28,1,2
BRF:55
BRH:44
end_of_record
TN:
SF:utils/validators.js
FN:10,(anonymous_0)
FN:21,(anonymous_1)
FN:39,(anonymous_2)
FN:74,(anonymous_3)
FN:108,(anonymous_4)
FN:118,(anonymous_5)
FN:129,(anonymous_6)
FNF:7
FNH:3
FNDA:6,(anonymous_0)
FNDA:2,(anonymous_1)
FNDA:3,(anonymous_2)
FNDA:0,(anonymous_3)
FNDA:0,(anonymous_4)
FNDA:0,(anonymous_5)
FNDA:0,(anonymous_6)
DA:10,1
DA:11,6
DA:12,4
DA:13,4
DA:21,1
DA:22,2
DA:23,0
DA:25,2
DA:26,1
DA:28,1
DA:29,0
DA:31,1
DA:39,1
DA:40,3
DA:42,3
DA:43,1
DA:46,2
DA:47,1
DA:50,2
DA:51,2
DA:52,1
DA:55,2
DA:56,1
DA:59,2
DA:60,1
DA:63,2
DA:74,1
DA:75,0
DA:77,0
DA:78,0
DA:81,0
DA:82,0
DA:85,0
DA:86,0
DA:89,0
DA:90,0
DA:93,0
DA:94,0
DA:97,0
DA:108,1
DA:109,0
DA:110,0
DA:118,1
DA:119,0
DA:120,0
DA:121,0
DA:129,1
DA:130,0
DA:131,0
DA:134,1
LF:50
LH:29
BRDA:11,0,0,2
BRDA:11,0,1,4
BRDA:11,1,0,6
BRDA:11,1,1,4
BRDA:22,2,0,0
BRDA:22,2,1,2
BRDA:22,3,0,2
BRDA:22,3,1,2
BRDA:25,4,0,1
BRDA:25,4,1,1
BRDA:28,5,0,0
BRDA:28,5,1,1
BRDA:42,6,0,1
BRDA:42,6,1,2
BRDA:42,7,0,3
BRDA:42,7,1,2
BRDA:46,8,0,1
BRDA:46,8,1,1
BRDA:51,9,0,1
BRDA:51,9,1,1
BRDA:55,10,0,1
BRDA:55,10,1,1
BRDA:55,11,0,2
BRDA:55,11,1,2
BRDA:59,12,0,1
BRDA:59,12,1,1
BRDA:59,13,0,2
BRDA:59,13,1,1
BRDA:77,14,0,0
BRDA:77,14,1,0
BRDA:77,15,0,0
BRDA:77,15,1,0
BRDA:81,16,0,0
BRDA:81,16,1,0
BRDA:81,17,0,0
BRDA:81,17,1,0
BRDA:85,18,0,0
BRDA:85,18,1,0
BRDA:85,19,0,0
BRDA:85,19,1,0
BRDA:89,20,0,0
BRDA:89,20,1,0
BRDA:89,21,0,0
BRDA:89,21,1,0
BRDA:93,22,0,0
BRDA:93,22,1,0
BRDA:93,23,0,0
BRDA:93,23,1,0
BRDA:110,24,0,0
BRDA:110,24,1,0
BRDA:120,25,0,0
BRDA:120,25,1,0
BRDA:121,26,0,0
BRDA:121,26,1,0
BRDA:131,27,0,0
BRDA:131,27,1,0
BRDA:131,27,2,0
BRF:57
BRH:26
end_of_record
